{"total": {"lines":{"total":435,"covered":233,"skipped":0,"pct":53.56},"statements":{"total":469,"covered":243,"skipped":0,"pct":51.81},"functions":{"total":102,"covered":44,"skipped":0,"pct":43.13},"branches":{"total":132,"covered":45,"skipped":0,"pct":34.09},"branchesTrue":{"total":0,"covered":0,"skipped":0,"pct":100}}
,"C:\\Users\\mmluc\\Desktop\\fiap-fase-3\\fiap-soat-application-produtos\\src\\app.module.ts": {"lines":{"total":5,"covered":0,"skipped":0,"pct":0},"functions":{"total":0,"covered":0,"skipped":0,"pct":100},"statements":{"total":7,"covered":0,"skipped":0,"pct":0},"branches":{"total":0,"covered":0,"skipped":0,"pct":100}}
,"C:\\Users\\mmluc\\Desktop\\fiap-fase-3\\fiap-soat-application-produtos\\src\\main.ts": {"lines":{"total":37,"covered":0,"skipped":0,"pct":0},"functions":{"total":4,"covered":0,"skipped":0,"pct":0},"statements":{"total":39,"covered":0,"skipped":0,"pct":0},"branches":{"total":12,"covered":0,"skipped":0,"pct":0}}
,"C:\\Users\\mmluc\\Desktop\\fiap-fase-3\\fiap-soat-application-produtos\\src\\config\\database.config.ts": {"lines":{"total":19,"covered":0,"skipped":0,"pct":0},"functions":{"total":5,"covered":0,"skipped":0,"pct":0},"statements":{"total":23,"covered":0,"skipped":0,"pct":0},"branches":{"total":21,"covered":0,"skipped":0,"pct":0}}
,"C:\\Users\\mmluc\\Desktop\\fiap-fase-3\\fiap-soat-application-produtos\\src\\core\\categories\\entities\\category.ts": {"lines":{"total":2,"covered":0,"skipped":0,"pct":0},"functions":{"total":1,"covered":0,"skipped":0,"pct":0},"statements":{"total":3,"covered":0,"skipped":0,"pct":0},"branches":{"total":0,"covered":0,"skipped":0,"pct":100}}
,"C:\\Users\\mmluc\\Desktop\\fiap-fase-3\\fiap-soat-application-produtos\\src\\core\\common\\dtos\\product-id.dto.ts": {"lines":{"total":1,"covered":1,"skipped":0,"pct":100},"functions":{"total":0,"covered":0,"skipped":0,"pct":100},"statements":{"total":1,"covered":1,"skipped":0,"pct":100},"branches":{"total":0,"covered":0,"skipped":0,"pct":100}}
,"C:\\Users\\mmluc\\Desktop\\fiap-fase-3\\fiap-soat-application-produtos\\src\\core\\common\\dtos\\product.dto.ts": {"lines":{"total":1,"covered":1,"skipped":0,"pct":100},"functions":{"total":0,"covered":0,"skipped":0,"pct":100},"statements":{"total":1,"covered":1,"skipped":0,"pct":100},"branches":{"total":0,"covered":0,"skipped":0,"pct":100}}
,"C:\\Users\\mmluc\\Desktop\\fiap-fase-3\\fiap-soat-application-produtos\\src\\core\\common\\exceptions\\exception.base.ts": {"lines":{"total":6,"covered":0,"skipped":0,"pct":0},"functions":{"total":2,"covered":0,"skipped":0,"pct":0},"statements":{"total":6,"covered":0,"skipped":0,"pct":0},"branches":{"total":0,"covered":0,"skipped":0,"pct":100}}
,"C:\\Users\\mmluc\\Desktop\\fiap-fase-3\\fiap-soat-application-produtos\\src\\core\\products\\entities\\product.ts": {"lines":{"total":52,"covered":52,"skipped":0,"pct":100},"functions":{"total":17,"covered":17,"skipped":0,"pct":100},"statements":{"total":52,"covered":52,"skipped":0,"pct":100},"branches":{"total":14,"covered":14,"skipped":0,"pct":100}}
,"C:\\Users\\mmluc\\Desktop\\fiap-fase-3\\fiap-soat-application-produtos\\src\\core\\products\\entities\\factories\\product.factory.ts": {"lines":{"total":7,"covered":3,"skipped":0,"pct":42.85},"functions":{"total":2,"covered":0,"skipped":0,"pct":0},"statements":{"total":7,"covered":3,"skipped":0,"pct":42.85},"branches":{"total":0,"covered":0,"skipped":0,"pct":100}}
,"C:\\Users\\mmluc\\Desktop\\fiap-fase-3\\fiap-soat-application-produtos\\src\\core\\products\\entities\\value-objects\\product-stock.ts": {"lines":{"total":13,"covered":5,"skipped":0,"pct":38.46},"functions":{"total":4,"covered":2,"skipped":0,"pct":50},"statements":{"total":13,"covered":5,"skipped":0,"pct":38.46},"branches":{"total":8,"covered":2,"skipped":0,"pct":25}}
,"C:\\Users\\mmluc\\Desktop\\fiap-fase-3\\fiap-soat-application-produtos\\src\\core\\products\\operation\\controllers\\product-controller.ts": {"lines":{"total":29,"covered":6,"skipped":0,"pct":20.68},"functions":{"total":6,"covered":0,"skipped":0,"pct":0},"statements":{"total":29,"covered":6,"skipped":0,"pct":20.68},"branches":{"total":6,"covered":0,"skipped":0,"pct":0}}
,"C:\\Users\\mmluc\\Desktop\\fiap-fase-3\\fiap-soat-application-produtos\\src\\core\\products\\operation\\gateways\\product-gateway.ts": {"lines":{"total":8,"covered":1,"skipped":0,"pct":12.5},"functions":{"total":7,"covered":0,"skipped":0,"pct":0},"statements":{"total":8,"covered":1,"skipped":0,"pct":12.5},"branches":{"total":0,"covered":0,"skipped":0,"pct":100}}
,"C:\\Users\\mmluc\\Desktop\\fiap-fase-3\\fiap-soat-application-produtos\\src\\core\\products\\operation\\presenters\\product-id-presenter.ts": {"lines":{"total":3,"covered":1,"skipped":0,"pct":33.33},"functions":{"total":1,"covered":0,"skipped":0,"pct":0},"statements":{"total":3,"covered":1,"skipped":0,"pct":33.33},"branches":{"total":0,"covered":0,"skipped":0,"pct":100}}
,"C:\\Users\\mmluc\\Desktop\\fiap-fase-3\\fiap-soat-application-produtos\\src\\core\\products\\operation\\presenters\\product-presenter.ts": {"lines":{"total":6,"covered":1,"skipped":0,"pct":16.66},"functions":{"total":3,"covered":0,"skipped":0,"pct":0},"statements":{"total":7,"covered":1,"skipped":0,"pct":14.28},"branches":{"total":4,"covered":0,"skipped":0,"pct":0}}
,"C:\\Users\\mmluc\\Desktop\\fiap-fase-3\\fiap-soat-application-produtos\\src\\core\\products\\usecases\\product-usecase.ts": {"lines":{"total":13,"covered":7,"skipped":0,"pct":53.84},"functions":{"total":6,"covered":0,"skipped":0,"pct":0},"statements":{"total":13,"covered":7,"skipped":0,"pct":53.84},"branches":{"total":0,"covered":0,"skipped":0,"pct":100}}
,"C:\\Users\\mmluc\\Desktop\\fiap-fase-3\\fiap-soat-application-produtos\\src\\core\\products\\usecases\\commands\\create-product.usecase.ts": {"lines":{"total":3,"covered":3,"skipped":0,"pct":100},"functions":{"total":1,"covered":1,"skipped":0,"pct":100},"statements":{"total":3,"covered":3,"skipped":0,"pct":100},"branches":{"total":0,"covered":0,"skipped":0,"pct":100}}
,"C:\\Users\\mmluc\\Desktop\\fiap-fase-3\\fiap-soat-application-produtos\\src\\core\\products\\usecases\\commands\\delete-product.usecase.ts": {"lines":{"total":5,"covered":1,"skipped":0,"pct":20},"functions":{"total":1,"covered":0,"skipped":0,"pct":0},"statements":{"total":5,"covered":1,"skipped":0,"pct":20},"branches":{"total":1,"covered":0,"skipped":0,"pct":0}}
,"C:\\Users\\mmluc\\Desktop\\fiap-fase-3\\fiap-soat-application-produtos\\src\\core\\products\\usecases\\commands\\update-product.usecase.ts": {"lines":{"total":22,"covered":21,"skipped":0,"pct":95.45},"functions":{"total":1,"covered":1,"skipped":0,"pct":100},"statements":{"total":22,"covered":21,"skipped":0,"pct":95.45},"branches":{"total":10,"covered":8,"skipped":0,"pct":80}}
,"C:\\Users\\mmluc\\Desktop\\fiap-fase-3\\fiap-soat-application-produtos\\src\\core\\products\\usecases\\queries\\get-all-products.query.ts": {"lines":{"total":2,"covered":2,"skipped":0,"pct":100},"functions":{"total":1,"covered":1,"skipped":0,"pct":100},"statements":{"total":2,"covered":2,"skipped":0,"pct":100},"branches":{"total":0,"covered":0,"skipped":0,"pct":100}}
,"C:\\Users\\mmluc\\Desktop\\fiap-fase-3\\fiap-soat-application-produtos\\src\\core\\products\\usecases\\queries\\get-product-by-id.query.ts": {"lines":{"total":2,"covered":1,"skipped":0,"pct":50},"functions":{"total":1,"covered":0,"skipped":0,"pct":0},"statements":{"total":2,"covered":1,"skipped":0,"pct":50},"branches":{"total":0,"covered":0,"skipped":0,"pct":100}}
,"C:\\Users\\mmluc\\Desktop\\fiap-fase-3\\fiap-soat-application-produtos\\src\\core\\products\\usecases\\queries\\get-products-by-category.query.ts": {"lines":{"total":2,"covered":1,"skipped":0,"pct":50},"functions":{"total":1,"covered":0,"skipped":0,"pct":0},"statements":{"total":2,"covered":1,"skipped":0,"pct":50},"branches":{"total":0,"covered":0,"skipped":0,"pct":100}}
,"C:\\Users\\mmluc\\Desktop\\fiap-fase-3\\fiap-soat-application-produtos\\src\\external\\api\\api.module.ts": {"lines":{"total":6,"covered":0,"skipped":0,"pct":0},"functions":{"total":0,"covered":0,"skipped":0,"pct":100},"statements":{"total":8,"covered":0,"skipped":0,"pct":0},"branches":{"total":0,"covered":0,"skipped":0,"pct":100}}
,"C:\\Users\\mmluc\\Desktop\\fiap-fase-3\\fiap-soat-application-produtos\\src\\external\\api\\controllers\\health.controller.ts": {"lines":{"total":15,"covered":15,"skipped":0,"pct":100},"functions":{"total":3,"covered":3,"skipped":0,"pct":100},"statements":{"total":17,"covered":17,"skipped":0,"pct":100},"branches":{"total":8,"covered":4,"skipped":0,"pct":50}}
,"C:\\Users\\mmluc\\Desktop\\fiap-fase-3\\fiap-soat-application-produtos\\src\\external\\api\\controllers\\nestjs-products.controller.ts": {"lines":{"total":49,"covered":42,"skipped":0,"pct":85.71},"functions":{"total":6,"covered":6,"skipped":0,"pct":100},"statements":{"total":51,"covered":44,"skipped":0,"pct":86.27},"branches":{"total":7,"covered":6,"skipped":0,"pct":85.71}}
,"C:\\Users\\mmluc\\Desktop\\fiap-fase-3\\fiap-soat-application-produtos\\src\\external\\api\\dtos\\create-product.dto.ts": {"lines":{"total":9,"covered":9,"skipped":0,"pct":100},"functions":{"total":0,"covered":0,"skipped":0,"pct":100},"statements":{"total":9,"covered":9,"skipped":0,"pct":100},"branches":{"total":0,"covered":0,"skipped":0,"pct":100}}
,"C:\\Users\\mmluc\\Desktop\\fiap-fase-3\\fiap-soat-application-produtos\\src\\external\\api\\dtos\\update-product.dto.ts": {"lines":{"total":3,"covered":3,"skipped":0,"pct":100},"functions":{"total":0,"covered":0,"skipped":0,"pct":100},"statements":{"total":3,"covered":3,"skipped":0,"pct":100},"branches":{"total":0,"covered":0,"skipped":0,"pct":100}}
,"C:\\Users\\mmluc\\Desktop\\fiap-fase-3\\fiap-soat-application-produtos\\src\\external\\clients\\http-category.client.ts": {"lines":{"total":17,"covered":0,"skipped":0,"pct":0},"functions":{"total":2,"covered":0,"skipped":0,"pct":0},"statements":{"total":19,"covered":0,"skipped":0,"pct":0},"branches":{"total":4,"covered":0,"skipped":0,"pct":0}}
,"C:\\Users\\mmluc\\Desktop\\fiap-fase-3\\fiap-soat-application-produtos\\src\\external\\database\\dynamo.module.ts": {"lines":{"total":10,"covered":0,"skipped":0,"pct":0},"functions":{"total":2,"covered":0,"skipped":0,"pct":0},"statements":{"total":12,"covered":0,"skipped":0,"pct":0},"branches":{"total":4,"covered":0,"skipped":0,"pct":0}}
,"C:\\Users\\mmluc\\Desktop\\fiap-fase-3\\fiap-soat-application-produtos\\src\\external\\database\\entities\\product.entity.ts": {"lines":{"total":11,"covered":11,"skipped":0,"pct":100},"functions":{"total":0,"covered":0,"skipped":0,"pct":100},"statements":{"total":13,"covered":13,"skipped":0,"pct":100},"branches":{"total":0,"covered":0,"skipped":0,"pct":100}}
,"C:\\Users\\mmluc\\Desktop\\fiap-fase-3\\fiap-soat-application-produtos\\src\\external\\database\\mappers\\product.mapper.ts": {"lines":{"total":25,"covered":25,"skipped":0,"pct":100},"functions":{"total":2,"covered":2,"skipped":0,"pct":100},"statements":{"total":25,"covered":25,"skipped":0,"pct":100},"branches":{"total":11,"covered":10,"skipped":0,"pct":90.9}}
,"C:\\Users\\mmluc\\Desktop\\fiap-fase-3\\fiap-soat-application-produtos\\src\\external\\database\\repositories\\dynamo-product.repository.ts": {"lines":{"total":25,"covered":0,"skipped":0,"pct":0},"functions":{"total":11,"covered":0,"skipped":0,"pct":0},"statements":{"total":31,"covered":0,"skipped":0,"pct":0},"branches":{"total":18,"covered":0,"skipped":0,"pct":0}}
,"C:\\Users\\mmluc\\Desktop\\fiap-fase-3\\fiap-soat-application-produtos\\src\\external\\database\\repositories\\product.repository.ts": {"lines":{"total":18,"covered":18,"skipped":0,"pct":100},"functions":{"total":11,"covered":11,"skipped":0,"pct":100},"statements":{"total":22,"covered":22,"skipped":0,"pct":100},"branches":{"total":1,"covered":1,"skipped":0,"pct":100}}
,"C:\\Users\\mmluc\\Desktop\\fiap-fase-3\\fiap-soat-application-produtos\\src\\external\\providers\\crypto-id-generator.ts": {"lines":{"total":6,"covered":0,"skipped":0,"pct":0},"functions":{"total":1,"covered":0,"skipped":0,"pct":0},"statements":{"total":8,"covered":0,"skipped":0,"pct":0},"branches":{"total":3,"covered":0,"skipped":0,"pct":0}}
,"C:\\Users\\mmluc\\Desktop\\fiap-fase-3\\fiap-soat-application-produtos\\src\\interfaces\\category-client.interface.ts": {"lines":{"total":1,"covered":1,"skipped":0,"pct":100},"functions":{"total":0,"covered":0,"skipped":0,"pct":100},"statements":{"total":1,"covered":1,"skipped":0,"pct":100},"branches":{"total":0,"covered":0,"skipped":0,"pct":100}}
,"C:\\Users\\mmluc\\Desktop\\fiap-fase-3\\fiap-soat-application-produtos\\src\\interfaces\\id-generator.ts": {"lines":{"total":1,"covered":1,"skipped":0,"pct":100},"functions":{"total":0,"covered":0,"skipped":0,"pct":100},"statements":{"total":1,"covered":1,"skipped":0,"pct":100},"branches":{"total":0,"covered":0,"skipped":0,"pct":100}}
,"C:\\Users\\mmluc\\Desktop\\fiap-fase-3\\fiap-soat-application-produtos\\src\\interfaces\\product-datasource.ts": {"lines":{"total":1,"covered":1,"skipped":0,"pct":100},"functions":{"total":0,"covered":0,"skipped":0,"pct":100},"statements":{"total":1,"covered":1,"skipped":0,"pct":100},"branches":{"total":0,"covered":0,"skipped":0,"pct":100}}
}
