{"C:\\Users\\mmluc\\Desktop\\fiap-fase-3\\fiap-soat-application-produtos\\src\\app.module.ts": {"path":"C:\\Users\\mmluc\\Desktop\\fiap-fase-3\\fiap-soat-application-produtos\\src\\app.module.ts","statementMap":{"0":{"start":{"line":1,"column":0},"end":{"line":1,"column":40}},"1":{"start":{"line":2,"column":0},"end":{"line":2,"column":46}},"2":{"start":{"line":3,"column":0},"end":{"line":3,"column":65}},"3":{"start":{"line":4,"column":0},"end":{"line":4,"column":54}},"4":{"start":{"line":14,"column":7},"end":{"line":14,"column":null}},"5":{"start":{"line":14,"column":13},"end":{"line":14,"column":22}},"6":{"start":{"line":14,"column":13},"end":{"line":14,"column":null}}},"fnMap":{},"branchMap":{},"s":{"0":0,"1":0,"2":0,"3":0,"4":0,"5":0,"6":0},"f":{},"b":{}}
,"C:\\Users\\mmluc\\Desktop\\fiap-fase-3\\fiap-soat-application-produtos\\src\\main.ts": {"path":"C:\\Users\\mmluc\\Desktop\\fiap-fase-3\\fiap-soat-application-produtos\\src\\main.ts","statementMap":{"0":{"start":{"line":1,"column":0},"end":{"line":1,"column":43}},"1":{"start":{"line":2,"column":0},"end":{"line":2,"column":41}},"2":{"start":{"line":3,"column":0},"end":{"line":3,"column":48}},"3":{"start":{"line":4,"column":0},"end":{"line":4,"column":65}},"4":{"start":{"line":6,"column":0},"end":{"line":6,"column":81}},"5":{"start":{"line":15,"column":19},"end":{"line":22,"column":4}},"6":{"start":{"line":24,"column":18},"end":{"line":24,"column":61}},"7":{"start":{"line":24,"column":43},"end":{"line":24,"column":60}},"8":{"start":{"line":26,"column":2},"end":{"line":31,"column":3}},"9":{"start":{"line":27,"column":4},"end":{"line":27,"column":63}},"10":{"start":{"line":28,"column":4},"end":{"line":28,"column":59}},"11":{"start":{"line":28,"column":29},"end":{"line":28,"column":57}},"12":{"start":{"line":29,"column":4},"end":{"line":29,"column":78}},"13":{"start":{"line":30,"column":4},"end":{"line":30,"column":20}},"14":{"start":{"line":33,"column":2},"end":{"line":33,"column":64}},"15":{"start":{"line":34,"column":2},"end":{"line":34,"column":57}},"16":{"start":{"line":35,"column":2},"end":{"line":35,"column":90}},"17":{"start":{"line":42,"column":14},"end":{"line":42,"column":49}},"18":{"start":{"line":44,"column":2},"end":{"line":49,"column":4}},"19":{"start":{"line":51,"column":18},"end":{"line":55,"column":12}},"20":{"start":{"line":57,"column":19},"end":{"line":57,"column":61}},"21":{"start":{"line":58,"column":2},"end":{"line":58,"column":45}},"22":{"start":{"line":60,"column":2},"end":{"line":105,"column":3}},"23":{"start":{"line":61,"column":16},"end":{"line":61,"column":58}},"24":{"start":{"line":62,"column":4},"end":{"line":102,"column":5}},"25":{"start":{"line":63,"column":24},"end":{"line":63,"column":78}},"26":{"start":{"line":64,"column":19},"end":{"line":64,"column":60}},"27":{"start":{"line":65,"column":21},"end":{"line":65,"column":64}},"28":{"start":{"line":66,"column":6},"end":{"line":101,"column":7}},"29":{"start":{"line":67,"column":8},"end":{"line":67,"column":63}},"30":{"start":{"line":68,"column":8},"end":{"line":97,"column":10}},"31":{"start":{"line":98,"column":8},"end":{"line":98,"column":60}},"32":{"start":{"line":100,"column":8},"end":{"line":100,"column":67}},"33":{"start":{"line":104,"column":4},"end":{"line":104,"column":98}},"34":{"start":{"line":107,"column":15},"end":{"line":107,"column":39}},"35":{"start":{"line":108,"column":2},"end":{"line":108,"column":25}},"36":{"start":{"line":110,"column":2},"end":{"line":110,"column":59}},"37":{"start":{"line":111,"column":2},"end":{"line":111,"column":73}},"38":{"start":{"line":113,"column":0},"end":{"line":113,"column":12}}},"fnMap":{"0":{"name":"validateEnvironment","decl":{"start":{"line":14,"column":9},"end":{"line":14,"column":28}},"loc":{"start":{"line":14,"column":28},"end":{"line":36,"column":1}}},"1":{"name":"(anonymous_1)","decl":{"start":{"line":24,"column":34},"end":{"line":24,"column":35}},"loc":{"start":{"line":24,"column":43},"end":{"line":24,"column":60}}},"2":{"name":"(anonymous_2)","decl":{"start":{"line":28,"column":20},"end":{"line":28,"column":21}},"loc":{"start":{"line":28,"column":29},"end":{"line":28,"column":57}}},"3":{"name":"bootstrap","decl":{"start":{"line":38,"column":15},"end":{"line":38,"column":24}},"loc":{"start":{"line":38,"column":24},"end":{"line":112,"column":1}}}},"branchMap":{"0":{"loc":{"start":{"line":26,"column":2},"end":{"line":31,"column":3}},"type":"if","locations":[{"start":{"line":26,"column":2},"end":{"line":31,"column":3}}]},"1":{"loc":{"start":{"line":62,"column":4},"end":{"line":102,"column":5}},"type":"if","locations":[{"start":{"line":62,"column":4},"end":{"line":102,"column":5}}]},"2":{"loc":{"start":{"line":63,"column":24},"end":{"line":63,"column":78}},"type":"binary-expr","locations":[{"start":{"line":63,"column":24},"end":{"line":63,"column":59}},{"start":{"line":63,"column":63},"end":{"line":63,"column":78}}]},"3":{"loc":{"start":{"line":65,"column":22},"end":{"line":65,"column":43}},"type":"binary-expr","locations":[{"start":{"line":65,"column":22},"end":{"line":65,"column":37}},{"start":{"line":65,"column":41},"end":{"line":65,"column":43}}]},"4":{"loc":{"start":{"line":66,"column":6},"end":{"line":101,"column":7}},"type":"if","locations":[{"start":{"line":66,"column":6},"end":{"line":101,"column":7}},{"start":{"line":99,"column":13},"end":{"line":101,"column":7}}]},"5":{"loc":{"start":{"line":104,"column":77},"end":{"line":104,"column":96}},"type":"binary-expr","locations":[{"start":{"line":104,"column":77},"end":{"line":104,"column":89}},{"start":{"line":104,"column":93},"end":{"line":104,"column":96}}]},"6":{"loc":{"start":{"line":107,"column":15},"end":{"line":107,"column":39}},"type":"binary-expr","locations":[{"start":{"line":107,"column":15},"end":{"line":107,"column":31}},{"start":{"line":107,"column":35},"end":{"line":107,"column":39}}]}},"s":{"0":0,"1":0,"2":0,"3":0,"4":0,"5":0,"6":0,"7":0,"8":0,"9":0,"10":0,"11":0,"12":0,"13":0,"14":0,"15":0,"16":0,"17":0,"18":0,"19":0,"20":0,"21":0,"22":0,"23":0,"24":0,"25":0,"26":0,"27":0,"28":0,"29":0,"30":0,"31":0,"32":0,"33":0,"34":0,"35":0,"36":0,"37":0,"38":0},"f":{"0":0,"1":0,"2":0,"3":0},"b":{"0":[0],"1":[0],"2":[0,0],"3":[0,0],"4":[0,0],"5":[0,0],"6":[0,0]}}
,"C:\\Users\\mmluc\\Desktop\\fiap-fase-3\\fiap-soat-application-produtos\\src\\config\\database.config.ts": {"path":"C:\\Users\\mmluc\\Desktop\\fiap-fase-3\\fiap-soat-application-produtos\\src\\config\\database.config.ts","statementMap":{"0":{"start":{"line":1,"column":0},"end":{"line":1,"column":44}},"1":{"start":{"line":7,"column":13},"end":{"line":32,"column":3}},"2":{"start":{"line":9,"column":23},"end":{"line":15,"column":4}},"3":{"start":{"line":17,"column":18},"end":{"line":17,"column":65}},"4":{"start":{"line":17,"column":47},"end":{"line":17,"column":64}},"5":{"start":{"line":18,"column":2},"end":{"line":22,"column":3}},"6":{"start":{"line":19,"column":4},"end":{"line":21,"column":6}},"7":{"start":{"line":24,"column":2},"end":{"line":31,"column":4}},"8":{"start":{"line":37,"column":13},"end":{"line":40,"column":4}},"9":{"start":{"line":37,"column":50},"end":{"line":40,"column":2}},"10":{"start":{"line":45,"column":13},"end":{"line":50,"column":4}},"11":{"start":{"line":45,"column":50},"end":{"line":50,"column":2}},"12":{"start":{"line":56,"column":32},"end":{"line":104,"column":1}},"13":{"start":{"line":57,"column":23},"end":{"line":57,"column":60}},"14":{"start":{"line":58,"column":17},"end":{"line":58,"column":42}},"15":{"start":{"line":59,"column":17},"end":{"line":59,"column":57}},"16":{"start":{"line":60,"column":21},"end":{"line":60,"column":50}},"17":{"start":{"line":61,"column":21},"end":{"line":61,"column":50}},"18":{"start":{"line":62,"column":17},"end":{"line":62,"column":42}},"19":{"start":{"line":65,"column":2},"end":{"line":67,"column":3}},"20":{"start":{"line":66,"column":4},"end":{"line":66,"column":63}},"21":{"start":{"line":69,"column":2},"end":{"line":103,"column":4}},"22":{"start":{"line":56,"column":13},"end":{"line":56,"column":32}}},"fnMap":{"0":{"name":"(anonymous_0)","decl":{"start":{"line":7,"column":53},"end":{"line":7,"column":56}},"loc":{"start":{"line":7,"column":58},"end":{"line":32,"column":1}}},"1":{"name":"(anonymous_1)","decl":{"start":{"line":17,"column":38},"end":{"line":17,"column":39}},"loc":{"start":{"line":17,"column":47},"end":{"line":17,"column":64}}},"2":{"name":"(anonymous_2)","decl":{"start":{"line":37,"column":43},"end":{"line":37,"column":46}},"loc":{"start":{"line":37,"column":50},"end":{"line":40,"column":2}}},"3":{"name":"(anonymous_3)","decl":{"start":{"line":45,"column":43},"end":{"line":45,"column":46}},"loc":{"start":{"line":45,"column":50},"end":{"line":50,"column":2}}},"4":{"name":"(anonymous_4)","decl":{"start":{"line":56,"column":32},"end":{"line":56,"column":35}},"loc":{"start":{"line":56,"column":37},"end":{"line":104,"column":1}}}},"branchMap":{"0":{"loc":{"start":{"line":18,"column":2},"end":{"line":22,"column":3}},"type":"if","locations":[{"start":{"line":18,"column":2},"end":{"line":22,"column":3}}]},"1":{"loc":{"start":{"line":38,"column":15},"end":{"line":38,"column":51}},"type":"binary-expr","locations":[{"start":{"line":38,"column":15},"end":{"line":38,"column":35}},{"start":{"line":38,"column":39},"end":{"line":38,"column":51}}]},"2":{"loc":{"start":{"line":39,"column":17},"end":{"line":39,"column":43}},"type":"binary-expr","locations":[{"start":{"line":39,"column":17},"end":{"line":39,"column":33}},{"start":{"line":39,"column":37},"end":{"line":39,"column":43}}]},"3":{"loc":{"start":{"line":46,"column":10},"end":{"line":46,"column":47}},"type":"binary-expr","locations":[{"start":{"line":46,"column":10},"end":{"line":46,"column":32}},{"start":{"line":46,"column":36},"end":{"line":46,"column":47}}]},"4":{"loc":{"start":{"line":65,"column":2},"end":{"line":67,"column":3}},"type":"if","locations":[{"start":{"line":65,"column":2},"end":{"line":67,"column":3}}]},"5":{"loc":{"start":{"line":65,"column":6},"end":{"line":65,"column":65}},"type":"binary-expr","locations":[{"start":{"line":65,"column":6},"end":{"line":65,"column":13}},{"start":{"line":65,"column":17},"end":{"line":65,"column":24}},{"start":{"line":65,"column":28},"end":{"line":65,"column":39}},{"start":{"line":65,"column":43},"end":{"line":65,"column":54}},{"start":{"line":65,"column":58},"end":{"line":65,"column":65}}]},"6":{"loc":{"start":{"line":78,"column":9},"end":{"line":80,"column":13}},"type":"cond-expr","locations":[{"start":{"line":78,"column":48},"end":{"line":80,"column":6}},{"start":{"line":80,"column":8},"end":{"line":80,"column":13}}]},"7":{"loc":{"start":{"line":84,"column":23},"end":{"line":84,"column":44}},"type":"cond-expr","locations":[{"start":{"line":84,"column":38},"end":{"line":84,"column":40}},{"start":{"line":84,"column":43},"end":{"line":84,"column":44}}]},"8":{"loc":{"start":{"line":90,"column":13},"end":{"line":90,"column":80}},"type":"cond-expr","locations":[{"start":{"line":90,"column":28},"end":{"line":90,"column":44}},{"start":{"line":90,"column":47},"end":{"line":90,"column":80}}]},"9":{"loc":{"start":{"line":93,"column":27},"end":{"line":93,"column":53}},"type":"cond-expr","locations":[{"start":{"line":93,"column":42},"end":{"line":93,"column":46}},{"start":{"line":93,"column":49},"end":{"line":93,"column":53}}]}},"s":{"0":0,"1":0,"2":0,"3":0,"4":0,"5":0,"6":0,"7":0,"8":0,"9":0,"10":0,"11":0,"12":0,"13":0,"14":0,"15":0,"16":0,"17":0,"18":0,"19":0,"20":0,"21":0,"22":0},"f":{"0":0,"1":0,"2":0,"3":0,"4":0},"b":{"0":[0],"1":[0,0],"2":[0,0],"3":[0,0],"4":[0],"5":[0,0,0,0,0],"6":[0,0],"7":[0,0],"8":[0,0],"9":[0,0]}}
,"C:\\Users\\mmluc\\Desktop\\fiap-fase-3\\fiap-soat-application-produtos\\src\\core\\common\\dtos\\product-id.dto.ts": {"path":"C:\\Users\\mmluc\\Desktop\\fiap-fase-3\\fiap-soat-application-produtos\\src\\core\\common\\dtos\\product-id.dto.ts","statementMap":{"0":{"start":{"line":1,"column":0},"end":{"line":1,"column":13}}},"fnMap":{},"branchMap":{},"s":{"0":0},"f":{},"b":{}}
,"C:\\Users\\mmluc\\Desktop\\fiap-fase-3\\fiap-soat-application-produtos\\src\\core\\common\\dtos\\product.dto.ts": {"path":"C:\\Users\\mmluc\\Desktop\\fiap-fase-3\\fiap-soat-application-produtos\\src\\core\\common\\dtos\\product.dto.ts","statementMap":{"0":{"start":{"line":1,"column":0},"end":{"line":1,"column":13}}},"fnMap":{},"branchMap":{},"s":{"0":0},"f":{},"b":{}}
,"C:\\Users\\mmluc\\Desktop\\fiap-fase-3\\fiap-soat-application-produtos\\src\\core\\common\\exceptions\\exception.base.ts": {"path":"C:\\Users\\mmluc\\Desktop\\fiap-fase-3\\fiap-soat-application-produtos\\src\\core\\common\\exceptions\\exception.base.ts","statementMap":{"0":{"start":{"line":8,"column":4},"end":{"line":8,"column":19}},"1":{"start":{"line":5,"column":13},"end":{"line":5,"column":28}},"2":{"start":{"line":6,"column":13},"end":{"line":6,"column":26}},"3":{"start":{"line":9,"column":4},"end":{"line":9,"column":52}},"4":{"start":{"line":13,"column":4},"end":{"line":18,"column":6}},"5":{"start":{"line":1,"column":0},"end":{"line":1,"column":22}}},"fnMap":{"0":{"name":"(anonymous_0)","decl":{"start":{"line":4,"column":2},"end":{"line":4,"column":null}},"loc":{"start":{"line":6,"column":26},"end":{"line":10,"column":3}}},"1":{"name":"(anonymous_1)","decl":{"start":{"line":12,"column":2},"end":{"line":12,"column":8}},"loc":{"start":{"line":12,"column":8},"end":{"line":19,"column":3}}}},"branchMap":{},"s":{"0":0,"1":0,"2":0,"3":0,"4":0,"5":0},"f":{"0":0,"1":0},"b":{}}
,"C:\\Users\\mmluc\\Desktop\\fiap-fase-3\\fiap-soat-application-produtos\\src\\core\\products\\entities\\product.ts": {"path":"C:\\Users\\mmluc\\Desktop\\fiap-fase-3\\fiap-soat-application-produtos\\src\\core\\products\\entities\\product.ts","statementMap":{"0":{"start":{"line":5,"column":20},"end":{"line":5,"column":30}},"1":{"start":{"line":6,"column":12},"end":{"line":6,"column":25}},"2":{"start":{"line":7,"column":12},"end":{"line":7,"column":32}},"3":{"start":{"line":8,"column":12},"end":{"line":8,"column":26}},"4":{"start":{"line":9,"column":12},"end":{"line":9,"column":31}},"5":{"start":{"line":10,"column":12},"end":{"line":10,"column":32}},"6":{"start":{"line":11,"column":12},"end":{"line":11,"column":26}},"7":{"start":{"line":12,"column":12},"end":{"line":12,"column":28}},"8":{"start":{"line":13,"column":12},"end":{"line":13,"column":28}},"9":{"start":{"line":15,"column":4},"end":{"line":15,"column":20}},"10":{"start":{"line":19,"column":4},"end":{"line":21,"column":5}},"11":{"start":{"line":20,"column":6},"end":{"line":20,"column":58}},"12":{"start":{"line":23,"column":4},"end":{"line":25,"column":5}},"13":{"start":{"line":24,"column":6},"end":{"line":24,"column":63}},"14":{"start":{"line":27,"column":4},"end":{"line":29,"column":5}},"15":{"start":{"line":28,"column":6},"end":{"line":28,"column":58}},"16":{"start":{"line":31,"column":4},"end":{"line":35,"column":5}},"17":{"start":{"line":32,"column":6},"end":{"line":34,"column":8}},"18":{"start":{"line":37,"column":4},"end":{"line":39,"column":5}},"19":{"start":{"line":38,"column":6},"end":{"line":38,"column":50}},"20":{"start":{"line":43,"column":4},"end":{"line":43,"column":33}},"21":{"start":{"line":47,"column":4},"end":{"line":49,"column":5}},"22":{"start":{"line":48,"column":6},"end":{"line":48,"column":58}},"23":{"start":{"line":50,"column":4},"end":{"line":50,"column":22}},"24":{"start":{"line":51,"column":4},"end":{"line":51,"column":17}},"25":{"start":{"line":55,"column":4},"end":{"line":57,"column":5}},"26":{"start":{"line":56,"column":6},"end":{"line":56,"column":63}},"27":{"start":{"line":58,"column":4},"end":{"line":58,"column":36}},"28":{"start":{"line":59,"column":4},"end":{"line":59,"column":17}},"29":{"start":{"line":63,"column":4},"end":{"line":67,"column":5}},"30":{"start":{"line":64,"column":6},"end":{"line":66,"column":8}},"31":{"start":{"line":68,"column":4},"end":{"line":68,"column":24}},"32":{"start":{"line":69,"column":4},"end":{"line":69,"column":17}},"33":{"start":{"line":73,"column":4},"end":{"line":75,"column":5}},"34":{"start":{"line":74,"column":6},"end":{"line":74,"column":58}},"35":{"start":{"line":76,"column":4},"end":{"line":76,"column":34}},"36":{"start":{"line":77,"column":4},"end":{"line":77,"column":17}},"37":{"start":{"line":81,"column":4},"end":{"line":83,"column":5}},"38":{"start":{"line":82,"column":6},"end":{"line":82,"column":50}},"39":{"start":{"line":84,"column":4},"end":{"line":84,"column":24}},"40":{"start":{"line":85,"column":4},"end":{"line":85,"column":17}},"41":{"start":{"line":89,"column":4},"end":{"line":89,"column":24}},"42":{"start":{"line":90,"column":4},"end":{"line":90,"column":17}},"43":{"start":{"line":94,"column":4},"end":{"line":94,"column":22}},"44":{"start":{"line":98,"column":4},"end":{"line":98,"column":29}},"45":{"start":{"line":102,"column":4},"end":{"line":102,"column":23}},"46":{"start":{"line":106,"column":4},"end":{"line":106,"column":28}},"47":{"start":{"line":110,"column":4},"end":{"line":110,"column":23}},"48":{"start":{"line":114,"column":4},"end":{"line":114,"column":23}},"49":{"start":{"line":118,"column":4},"end":{"line":118,"column":27}},"50":{"start":{"line":122,"column":4},"end":{"line":122,"column":27}},"51":{"start":{"line":3,"column":0},"end":{"line":3,"column":13}}},"fnMap":{"0":{"name":"(anonymous_0)","decl":{"start":{"line":4,"column":2},"end":{"line":4,"column":null}},"loc":{"start":{"line":13,"column":28},"end":{"line":16,"column":3}}},"1":{"name":"(anonymous_1)","decl":{"start":{"line":18,"column":10},"end":{"line":18,"column":18}},"loc":{"start":{"line":18,"column":18},"end":{"line":40,"column":3}}},"2":{"name":"(anonymous_2)","decl":{"start":{"line":42,"column":10},"end":{"line":42,"column":15}},"loc":{"start":{"line":42,"column":15},"end":{"line":44,"column":3}}},"3":{"name":"(anonymous_3)","decl":{"start":{"line":46,"column":2},"end":{"line":46,"column":12}},"loc":{"start":{"line":46,"column":25},"end":{"line":52,"column":3}}},"4":{"name":"(anonymous_4)","decl":{"start":{"line":54,"column":2},"end":{"line":54,"column":19}},"loc":{"start":{"line":54,"column":39},"end":{"line":60,"column":3}}},"5":{"name":"(anonymous_5)","decl":{"start":{"line":62,"column":2},"end":{"line":62,"column":13}},"loc":{"start":{"line":62,"column":27},"end":{"line":70,"column":3}}},"6":{"name":"(anonymous_6)","decl":{"start":{"line":72,"column":2},"end":{"line":72,"column":18}},"loc":{"start":{"line":72,"column":37},"end":{"line":78,"column":3}}},"7":{"name":"(anonymous_7)","decl":{"start":{"line":80,"column":2},"end":{"line":80,"column":13}},"loc":{"start":{"line":80,"column":33},"end":{"line":86,"column":3}}},"8":{"name":"(anonymous_8)","decl":{"start":{"line":88,"column":2},"end":{"line":88,"column":13}},"loc":{"start":{"line":88,"column":27},"end":{"line":91,"column":3}}},"9":{"name":"(anonymous_9)","decl":{"start":{"line":93,"column":2},"end":{"line":93,"column":6}},"loc":{"start":{"line":93,"column":10},"end":{"line":95,"column":3}}},"10":{"name":"(anonymous_10)","decl":{"start":{"line":97,"column":2},"end":{"line":97,"column":6}},"loc":{"start":{"line":97,"column":17},"end":{"line":99,"column":3}}},"11":{"name":"(anonymous_11)","decl":{"start":{"line":101,"column":2},"end":{"line":101,"column":6}},"loc":{"start":{"line":101,"column":11},"end":{"line":103,"column":3}}},"12":{"name":"(anonymous_12)","decl":{"start":{"line":105,"column":2},"end":{"line":105,"column":6}},"loc":{"start":{"line":105,"column":16},"end":{"line":107,"column":3}}},"13":{"name":"(anonymous_13)","decl":{"start":{"line":109,"column":2},"end":{"line":109,"column":6}},"loc":{"start":{"line":109,"column":11},"end":{"line":111,"column":3}}},"14":{"name":"(anonymous_14)","decl":{"start":{"line":113,"column":2},"end":{"line":113,"column":6}},"loc":{"start":{"line":113,"column":11},"end":{"line":115,"column":3}}},"15":{"name":"(anonymous_15)","decl":{"start":{"line":117,"column":2},"end":{"line":117,"column":6}},"loc":{"start":{"line":117,"column":15},"end":{"line":119,"column":3}}},"16":{"name":"(anonymous_16)","decl":{"start":{"line":121,"column":2},"end":{"line":121,"column":6}},"loc":{"start":{"line":121,"column":15},"end":{"line":123,"column":3}}}},"branchMap":{"0":{"loc":{"start":{"line":19,"column":4},"end":{"line":21,"column":5}},"type":"if","locations":[{"start":{"line":19,"column":4},"end":{"line":21,"column":5}}]},"1":{"loc":{"start":{"line":23,"column":4},"end":{"line":25,"column":5}},"type":"if","locations":[{"start":{"line":23,"column":4},"end":{"line":25,"column":5}}]},"2":{"loc":{"start":{"line":27,"column":4},"end":{"line":29,"column":5}},"type":"if","locations":[{"start":{"line":27,"column":4},"end":{"line":29,"column":5}}]},"3":{"loc":{"start":{"line":31,"column":4},"end":{"line":35,"column":5}},"type":"if","locations":[{"start":{"line":31,"column":4},"end":{"line":35,"column":5}}]},"4":{"loc":{"start":{"line":31,"column":8},"end":{"line":31,"column":40}},"type":"binary-expr","locations":[{"start":{"line":31,"column":8},"end":{"line":31,"column":20}},{"start":{"line":31,"column":24},"end":{"line":31,"column":40}}]},"5":{"loc":{"start":{"line":37,"column":4},"end":{"line":39,"column":5}},"type":"if","locations":[{"start":{"line":37,"column":4},"end":{"line":39,"column":5}}]},"6":{"loc":{"start":{"line":47,"column":4},"end":{"line":49,"column":5}},"type":"if","locations":[{"start":{"line":47,"column":4},"end":{"line":49,"column":5}}]},"7":{"loc":{"start":{"line":55,"column":4},"end":{"line":57,"column":5}},"type":"if","locations":[{"start":{"line":55,"column":4},"end":{"line":57,"column":5}}]},"8":{"loc":{"start":{"line":63,"column":4},"end":{"line":67,"column":5}},"type":"if","locations":[{"start":{"line":63,"column":4},"end":{"line":67,"column":5}}]},"9":{"loc":{"start":{"line":63,"column":8},"end":{"line":63,"column":28}},"type":"binary-expr","locations":[{"start":{"line":63,"column":8},"end":{"line":63,"column":14}},{"start":{"line":63,"column":18},"end":{"line":63,"column":28}}]},"10":{"loc":{"start":{"line":73,"column":4},"end":{"line":75,"column":5}},"type":"if","locations":[{"start":{"line":73,"column":4},"end":{"line":75,"column":5}}]},"11":{"loc":{"start":{"line":81,"column":4},"end":{"line":83,"column":5}},"type":"if","locations":[{"start":{"line":81,"column":4},"end":{"line":83,"column":5}}]}},"s":{"0":18,"1":18,"2":18,"3":18,"4":18,"5":18,"6":18,"7":18,"8":18,"9":18,"10":18,"11":1,"12":17,"13":1,"14":16,"15":1,"16":15,"17":2,"18":13,"19":1,"20":6,"21":2,"22":1,"23":1,"24":1,"25":2,"26":1,"27":1,"28":1,"29":3,"30":2,"31":1,"32":1,"33":2,"34":1,"35":1,"36":1,"37":2,"38":1,"39":1,"40":1,"41":1,"42":1,"43":2,"44":2,"45":2,"46":2,"47":2,"48":2,"49":1,"50":1,"51":1},"f":{"0":18,"1":18,"2":6,"3":2,"4":2,"5":3,"6":2,"7":2,"8":1,"9":2,"10":2,"11":2,"12":2,"13":2,"14":2,"15":1,"16":1},"b":{"0":[1],"1":[1],"2":[1],"3":[2],"4":[15,14],"5":[1],"6":[1],"7":[1],"8":[2],"9":[3,2],"10":[1],"11":[1]}}
,"C:\\Users\\mmluc\\Desktop\\fiap-fase-3\\fiap-soat-application-produtos\\src\\core\\products\\entities\\factories\\product.factory.ts": {"path":"C:\\Users\\mmluc\\Desktop\\fiap-fase-3\\fiap-soat-application-produtos\\src\\core\\products\\entities\\factories\\product.factory.ts","statementMap":{"0":{"start":{"line":2,"column":0},"end":{"line":2,"column":37}},"1":{"start":{"line":3,"column":0},"end":{"line":3,"column":62}},"2":{"start":{"line":5,"column":31},"end":{"line":5,"column":55}},"3":{"start":{"line":14,"column":20},"end":{"line":14,"column":43}},"4":{"start":{"line":15,"column":16},"end":{"line":15,"column":26}},"5":{"start":{"line":17,"column":4},"end":{"line":27,"column":6}},"6":{"start":{"line":4,"column":0},"end":{"line":4,"column":13}}},"fnMap":{"0":{"name":"(anonymous_0)","decl":{"start":{"line":5,"column":2},"end":{"line":5,"column":31}},"loc":{"start":{"line":5,"column":55},"end":{"line":5,"column":59}}},"1":{"name":"(anonymous_1)","decl":{"start":{"line":6,"column":2},"end":{"line":6,"column":8}},"loc":{"start":{"line":12,"column":17},"end":{"line":28,"column":3}}}},"branchMap":{},"s":{"0":0,"1":0,"2":0,"3":0,"4":0,"5":0,"6":0},"f":{"0":0,"1":0},"b":{}}
,"C:\\Users\\mmluc\\Desktop\\fiap-fase-3\\fiap-soat-application-produtos\\src\\core\\products\\entities\\value-objects\\product-stock.ts": {"path":"C:\\Users\\mmluc\\Desktop\\fiap-fase-3\\fiap-soat-application-produtos\\src\\core\\products\\entities\\value-objects\\product-stock.ts","statementMap":{"0":{"start":{"line":3,"column":24},"end":{"line":3,"column":37}},"1":{"start":{"line":5,"column":8},"end":{"line":7,"column":9}},"2":{"start":{"line":6,"column":12},"end":{"line":6,"column":78}},"3":{"start":{"line":11,"column":8},"end":{"line":11,"column":75}},"4":{"start":{"line":15,"column":8},"end":{"line":17,"column":9}},"5":{"start":{"line":16,"column":12},"end":{"line":16,"column":78}},"6":{"start":{"line":18,"column":8},"end":{"line":18,"column":55}},"7":{"start":{"line":22,"column":8},"end":{"line":24,"column":9}},"8":{"start":{"line":23,"column":12},"end":{"line":23,"column":76}},"9":{"start":{"line":25,"column":8},"end":{"line":27,"column":9}},"10":{"start":{"line":26,"column":12},"end":{"line":26,"column":94}},"11":{"start":{"line":28,"column":8},"end":{"line":28,"column":55}},"12":{"start":{"line":1,"column":0},"end":{"line":1,"column":13}}},"fnMap":{"0":{"name":"(anonymous_0)","decl":{"start":{"line":2,"column":4},"end":{"line":2,"column":null}},"loc":{"start":{"line":3,"column":37},"end":{"line":8,"column":5}}},"1":{"name":"(anonymous_1)","decl":{"start":{"line":10,"column":4},"end":{"line":10,"column":10}},"loc":{"start":{"line":10,"column":30},"end":{"line":12,"column":5}}},"2":{"name":"(anonymous_2)","decl":{"start":{"line":14,"column":4},"end":{"line":14,"column":12}},"loc":{"start":{"line":14,"column":29},"end":{"line":19,"column":5}}},"3":{"name":"(anonymous_3)","decl":{"start":{"line":21,"column":4},"end":{"line":21,"column":12}},"loc":{"start":{"line":21,"column":29},"end":{"line":29,"column":5}}}},"branchMap":{"0":{"loc":{"start":{"line":5,"column":8},"end":{"line":7,"column":9}},"type":"if","locations":[{"start":{"line":5,"column":8},"end":{"line":7,"column":9}}]},"1":{"loc":{"start":{"line":5,"column":12},"end":{"line":5,"column":49}},"type":"binary-expr","locations":[{"start":{"line":5,"column":12},"end":{"line":5,"column":36}},{"start":{"line":5,"column":40},"end":{"line":5,"column":49}}]},"2":{"loc":{"start":{"line":11,"column":15},"end":{"line":11,"column":74}},"type":"binary-expr","locations":[{"start":{"line":11,"column":15},"end":{"line":11,"column":44}},{"start":{"line":11,"column":48},"end":{"line":11,"column":74}}]},"3":{"loc":{"start":{"line":15,"column":8},"end":{"line":17,"column":9}},"type":"if","locations":[{"start":{"line":15,"column":8},"end":{"line":17,"column":9}}]},"4":{"loc":{"start":{"line":22,"column":8},"end":{"line":24,"column":9}},"type":"if","locations":[{"start":{"line":22,"column":8},"end":{"line":24,"column":9}}]},"5":{"loc":{"start":{"line":25,"column":8},"end":{"line":27,"column":9}},"type":"if","locations":[{"start":{"line":25,"column":8},"end":{"line":27,"column":9}}]}},"s":{"0":2,"1":2,"2":0,"3":0,"4":0,"5":0,"6":0,"7":0,"8":0,"9":0,"10":0,"11":0,"12":1},"f":{"0":2,"1":0,"2":0,"3":0},"b":{"0":[0],"1":[2,2],"2":[0,0],"3":[0],"4":[0],"5":[0]}}
,"C:\\Users\\mmluc\\Desktop\\fiap-fase-3\\fiap-soat-application-produtos\\src\\core\\products\\operation\\controllers\\product-controller.ts": {"path":"C:\\Users\\mmluc\\Desktop\\fiap-fase-3\\fiap-soat-application-produtos\\src\\core\\products\\operation\\controllers\\product-controller.ts","statementMap":{"0":{"start":{"line":2,"column":0},"end":{"line":2,"column":61}},"1":{"start":{"line":3,"column":0},"end":{"line":3,"column":82}},"2":{"start":{"line":4,"column":0},"end":{"line":4,"column":67}},"3":{"start":{"line":5,"column":0},"end":{"line":5,"column":72}},"4":{"start":{"line":7,"column":0},"end":{"line":7,"column":74}},"5":{"start":{"line":13,"column":27},"end":{"line":13,"column":57}},"6":{"start":{"line":14,"column":21},"end":{"line":14,"column":65}},"7":{"start":{"line":15,"column":4},"end":{"line":15,"column":44}},"8":{"start":{"line":23,"column":27},"end":{"line":23,"column":57}},"9":{"start":{"line":24,"column":20},"end":{"line":24,"column":69}},"10":{"start":{"line":26,"column":4},"end":{"line":28,"column":5}},"11":{"start":{"line":27,"column":6},"end":{"line":27,"column":18}},"12":{"start":{"line":31,"column":4},"end":{"line":34,"column":5}},"13":{"start":{"line":32,"column":23},"end":{"line":32,"column":72}},"14":{"start":{"line":33,"column":6},"end":{"line":33,"column":81}},"15":{"start":{"line":36,"column":4},"end":{"line":36,"column":48}},"16":{"start":{"line":43,"column":27},"end":{"line":43,"column":57}},"17":{"start":{"line":44,"column":21},"end":{"line":46,"column":null}},"18":{"start":{"line":48,"column":4},"end":{"line":48,"column":44}},"19":{"start":{"line":57,"column":27},"end":{"line":57,"column":64}},"20":{"start":{"line":59,"column":20},"end":{"line":59,"column":51}},"21":{"start":{"line":61,"column":25},"end":{"line":65,"column":null}},"22":{"start":{"line":67,"column":4},"end":{"line":67,"column":50}},"23":{"start":{"line":76,"column":27},"end":{"line":76,"column":64}},"24":{"start":{"line":79,"column":27},"end":{"line":83,"column":null}},"25":{"start":{"line":86,"column":4},"end":{"line":86,"column":55}},"26":{"start":{"line":90,"column":27},"end":{"line":90,"column":57}},"27":{"start":{"line":91,"column":4},"end":{"line":91,"column":52}},"28":{"start":{"line":11,"column":0},"end":{"line":11,"column":13}}},"fnMap":{"0":{"name":"(anonymous_0)","decl":{"start":{"line":12,"column":2},"end":{"line":12,"column":8}},"loc":{"start":{"line":12,"column":53},"end":{"line":16,"column":3}}},"1":{"name":"(anonymous_1)","decl":{"start":{"line":18,"column":2},"end":{"line":18,"column":8}},"loc":{"start":{"line":21,"column":36},"end":{"line":37,"column":3}}},"2":{"name":"(anonymous_2)","decl":{"start":{"line":39,"column":2},"end":{"line":39,"column":8}},"loc":{"start":{"line":41,"column":34},"end":{"line":49,"column":3}}},"3":{"name":"(anonymous_3)","decl":{"start":{"line":51,"column":2},"end":{"line":51,"column":8}},"loc":{"start":{"line":55,"column":28},"end":{"line":68,"column":3}}},"4":{"name":"(anonymous_4)","decl":{"start":{"line":70,"column":2},"end":{"line":70,"column":8}},"loc":{"start":{"line":74,"column":41},"end":{"line":87,"column":3}}},"5":{"name":"(anonymous_5)","decl":{"start":{"line":89,"column":2},"end":{"line":89,"column":8}},"loc":{"start":{"line":89,"column":64},"end":{"line":92,"column":3}}}},"branchMap":{"0":{"loc":{"start":{"line":26,"column":4},"end":{"line":28,"column":5}},"type":"if","locations":[{"start":{"line":26,"column":4},"end":{"line":28,"column":5}}]},"1":{"loc":{"start":{"line":31,"column":4},"end":{"line":34,"column":5}},"type":"if","locations":[{"start":{"line":31,"column":4},"end":{"line":34,"column":5}}]},"2":{"loc":{"start":{"line":31,"column":8},"end":{"line":31,"column":44}},"type":"binary-expr","locations":[{"start":{"line":31,"column":8},"end":{"line":31,"column":22}},{"start":{"line":31,"column":26},"end":{"line":31,"column":44}}]},"3":{"loc":{"start":{"line":33,"column":57},"end":{"line":33,"column":79}},"type":"binary-expr","locations":[{"start":{"line":33,"column":57},"end":{"line":33,"column":71}},{"start":{"line":33,"column":75},"end":{"line":33,"column":79}}]}},"s":{"0":0,"1":0,"2":0,"3":0,"4":0,"5":0,"6":0,"7":0,"8":0,"9":0,"10":0,"11":0,"12":0,"13":0,"14":0,"15":0,"16":0,"17":0,"18":0,"19":0,"20":0,"21":0,"22":0,"23":0,"24":0,"25":0,"26":0,"27":0,"28":0},"f":{"0":0,"1":0,"2":0,"3":0,"4":0,"5":0},"b":{"0":[0],"1":[0],"2":[0,0],"3":[0,0]}}
,"C:\\Users\\mmluc\\Desktop\\fiap-fase-3\\fiap-soat-application-produtos\\src\\core\\products\\operation\\gateways\\product-gateway.ts": {"path":"C:\\Users\\mmluc\\Desktop\\fiap-fase-3\\fiap-soat-application-produtos\\src\\core\\products\\operation\\gateways\\product-gateway.ts","statementMap":{"0":{"start":{"line":8,"column":8},"end":{"line":8,"column":null}},"1":{"start":{"line":12,"column":8},"end":{"line":12,"column":51}},"2":{"start":{"line":16,"column":8},"end":{"line":16,"column":null}},"3":{"start":{"line":20,"column":8},"end":{"line":20,"column":null}},"4":{"start":{"line":23,"column":8},"end":{"line":23,"column":null}},"5":{"start":{"line":26,"column":8},"end":{"line":26,"column":64}},"6":{"start":{"line":30,"column":8},"end":{"line":30,"column":56}},"7":{"start":{"line":4,"column":0},"end":{"line":4,"column":13}}},"fnMap":{"0":{"name":"(anonymous_0)","decl":{"start":{"line":7,"column":4},"end":{"line":7,"column":16}},"loc":{"start":{"line":7,"column":46},"end":{"line":9,"column":5}}},"1":{"name":"(anonymous_1)","decl":{"start":{"line":11,"column":4},"end":{"line":11,"column":9}},"loc":{"start":{"line":11,"column":31},"end":{"line":13,"column":5}}},"2":{"name":"(anonymous_2)","decl":{"start":{"line":15,"column":4},"end":{"line":15,"column":9}},"loc":{"start":{"line":15,"column":17},"end":{"line":17,"column":5}}},"3":{"name":"(anonymous_3)","decl":{"start":{"line":19,"column":4},"end":{"line":19,"column":9}},"loc":{"start":{"line":19,"column":29},"end":{"line":21,"column":5}}},"4":{"name":"(anonymous_4)","decl":{"start":{"line":22,"column":4},"end":{"line":22,"column":9}},"loc":{"start":{"line":22,"column":27},"end":{"line":24,"column":5}}},"5":{"name":"(anonymous_5)","decl":{"start":{"line":25,"column":4},"end":{"line":25,"column":9}},"loc":{"start":{"line":25,"column":43},"end":{"line":27,"column":5}}},"6":{"name":"(anonymous_6)","decl":{"start":{"line":29,"column":4},"end":{"line":29,"column":9}},"loc":{"start":{"line":29,"column":37},"end":{"line":31,"column":5}}}},"branchMap":{},"s":{"0":0,"1":0,"2":0,"3":0,"4":0,"5":0,"6":0,"7":0},"f":{"0":0,"1":0,"2":0,"3":0,"4":0,"5":0,"6":0},"b":{}}
,"C:\\Users\\mmluc\\Desktop\\fiap-fase-3\\fiap-soat-application-produtos\\src\\core\\products\\operation\\presenters\\product-id-presenter.ts": {"path":"C:\\Users\\mmluc\\Desktop\\fiap-fase-3\\fiap-soat-application-produtos\\src\\core\\products\\operation\\presenters\\product-id-presenter.ts","statementMap":{"0":{"start":{"line":6,"column":39},"end":{"line":6,"column":58}},"1":{"start":{"line":7,"column":4},"end":{"line":7,"column":24}},"2":{"start":{"line":4,"column":0},"end":{"line":4,"column":13}}},"fnMap":{"0":{"name":"(anonymous_0)","decl":{"start":{"line":5,"column":2},"end":{"line":5,"column":8}},"loc":{"start":{"line":5,"column":32},"end":{"line":8,"column":3}}}},"branchMap":{},"s":{"0":0,"1":0,"2":0},"f":{"0":0},"b":{}}
,"C:\\Users\\mmluc\\Desktop\\fiap-fase-3\\fiap-soat-application-produtos\\src\\core\\products\\operation\\presenters\\product-presenter.ts": {"path":"C:\\Users\\mmluc\\Desktop\\fiap-fase-3\\fiap-soat-application-produtos\\src\\core\\products\\operation\\presenters\\product-presenter.ts","statementMap":{"0":{"start":{"line":6,"column":4},"end":{"line":18,"column":5}},"1":{"start":{"line":7,"column":40},"end":{"line":14,"column":9}},"2":{"start":{"line":7,"column":67},"end":{"line":14,"column":8}},"3":{"start":{"line":15,"column":6},"end":{"line":15,"column":25}},"4":{"start":{"line":17,"column":6},"end":{"line":17,"column":16}},"5":{"start":{"line":22,"column":4},"end":{"line":31,"column":6}},"6":{"start":{"line":4,"column":0},"end":{"line":4,"column":13}}},"fnMap":{"0":{"name":"(anonymous_0)","decl":{"start":{"line":5,"column":2},"end":{"line":5,"column":8}},"loc":{"start":{"line":5,"column":34},"end":{"line":19,"column":3}}},"1":{"name":"(anonymous_1)","decl":{"start":{"line":7,"column":53},"end":{"line":7,"column":54}},"loc":{"start":{"line":7,"column":67},"end":{"line":14,"column":8}}},"2":{"name":"(anonymous_2)","decl":{"start":{"line":21,"column":2},"end":{"line":21,"column":8}},"loc":{"start":{"line":21,"column":72},"end":{"line":32,"column":3}}}},"branchMap":{"0":{"loc":{"start":{"line":6,"column":4},"end":{"line":18,"column":5}},"type":"if","locations":[{"start":{"line":6,"column":4},"end":{"line":18,"column":5}},{"start":{"line":16,"column":11},"end":{"line":18,"column":5}}]},"1":{"loc":{"start":{"line":30,"column":20},"end":{"line":30,"column":45}},"type":"binary-expr","locations":[{"start":{"line":30,"column":20},"end":{"line":30,"column":32}},{"start":{"line":30,"column":36},"end":{"line":30,"column":45}}]}},"s":{"0":0,"1":0,"2":0,"3":0,"4":0,"5":0,"6":0},"f":{"0":0,"1":0,"2":0},"b":{"0":[0,0],"1":[0,0]}}
,"C:\\Users\\mmluc\\Desktop\\fiap-fase-3\\fiap-soat-application-produtos\\src\\core\\products\\usecases\\product-usecase.ts": {"path":"C:\\Users\\mmluc\\Desktop\\fiap-fase-3\\fiap-soat-application-produtos\\src\\core\\products\\usecases\\product-usecase.ts","statementMap":{"0":{"start":{"line":7,"column":0},"end":{"line":7,"column":73}},"1":{"start":{"line":8,"column":0},"end":{"line":8,"column":91}},"2":{"start":{"line":9,"column":0},"end":{"line":9,"column":73}},"3":{"start":{"line":12,"column":0},"end":{"line":12,"column":71}},"4":{"start":{"line":13,"column":0},"end":{"line":13,"column":72}},"5":{"start":{"line":14,"column":0},"end":{"line":14,"column":86}},"6":{"start":{"line":27,"column":4},"end":{"line":27,"column":55}},"7":{"start":{"line":31,"column":4},"end":{"line":31,"column":59}},"8":{"start":{"line":38,"column":4},"end":{"line":38,"column":74}},"9":{"start":{"line":47,"column":4},"end":{"line":47,"column":74}},"10":{"start":{"line":55,"column":4},"end":{"line":55,"column":72}},"11":{"start":{"line":59,"column":4},"end":{"line":59,"column":60}},"12":{"start":{"line":24,"column":0},"end":{"line":24,"column":13}}},"fnMap":{"0":{"name":"(anonymous_0)","decl":{"start":{"line":26,"column":2},"end":{"line":26,"column":8}},"loc":{"start":{"line":26,"column":53},"end":{"line":28,"column":3}}},"1":{"name":"(anonymous_1)","decl":{"start":{"line":30,"column":2},"end":{"line":30,"column":8}},"loc":{"start":{"line":30,"column":66},"end":{"line":32,"column":3}}},"2":{"name":"(anonymous_2)","decl":{"start":{"line":34,"column":2},"end":{"line":34,"column":8}},"loc":{"start":{"line":36,"column":22},"end":{"line":39,"column":3}}},"3":{"name":"(anonymous_3)","decl":{"start":{"line":42,"column":2},"end":{"line":42,"column":8}},"loc":{"start":{"line":45,"column":27},"end":{"line":48,"column":3}}},"4":{"name":"(anonymous_4)","decl":{"start":{"line":50,"column":2},"end":{"line":50,"column":8}},"loc":{"start":{"line":53,"column":32},"end":{"line":56,"column":3}}},"5":{"name":"(anonymous_5)","decl":{"start":{"line":58,"column":2},"end":{"line":58,"column":8}},"loc":{"start":{"line":58,"column":64},"end":{"line":60,"column":3}}}},"branchMap":{},"s":{"0":0,"1":0,"2":0,"3":0,"4":0,"5":0,"6":0,"7":0,"8":0,"9":0,"10":0,"11":0,"12":0},"f":{"0":0,"1":0,"2":0,"3":0,"4":0,"5":0},"b":{}}
,"C:\\Users\\mmluc\\Desktop\\fiap-fase-3\\fiap-soat-application-produtos\\src\\core\\products\\usecases\\commands\\create-product.usecase.ts": {"path":"C:\\Users\\mmluc\\Desktop\\fiap-fase-3\\fiap-soat-application-produtos\\src\\core\\products\\usecases\\commands\\create-product.usecase.ts","statementMap":{"0":{"start":{"line":12,"column":23},"end":{"line":18,"column":null}},"1":{"start":{"line":21,"column":4},"end":{"line":21,"column":49}},"2":{"start":{"line":6,"column":0},"end":{"line":6,"column":13}}},"fnMap":{"0":{"name":"(anonymous_0)","decl":{"start":{"line":7,"column":2},"end":{"line":7,"column":8}},"loc":{"start":{"line":10,"column":27},"end":{"line":22,"column":3}}}},"branchMap":{},"s":{"0":0,"1":0,"2":0},"f":{"0":0},"b":{}}
,"C:\\Users\\mmluc\\Desktop\\fiap-fase-3\\fiap-soat-application-produtos\\src\\core\\products\\usecases\\commands\\delete-product.usecase.ts": {"path":"C:\\Users\\mmluc\\Desktop\\fiap-fase-3\\fiap-soat-application-produtos\\src\\core\\products\\usecases\\commands\\delete-product.usecase.ts","statementMap":{"0":{"start":{"line":5,"column":20},"end":{"line":5,"column":53}},"1":{"start":{"line":7,"column":4},"end":{"line":9,"column":5}},"2":{"start":{"line":8,"column":6},"end":{"line":8,"column":43}},"3":{"start":{"line":11,"column":4},"end":{"line":11,"column":36}},"4":{"start":{"line":3,"column":0},"end":{"line":3,"column":13}}},"fnMap":{"0":{"name":"(anonymous_0)","decl":{"start":{"line":4,"column":2},"end":{"line":4,"column":8}},"loc":{"start":{"line":4,"column":65},"end":{"line":12,"column":3}}}},"branchMap":{"0":{"loc":{"start":{"line":7,"column":4},"end":{"line":9,"column":5}},"type":"if","locations":[{"start":{"line":7,"column":4},"end":{"line":9,"column":5}}]}},"s":{"0":0,"1":0,"2":0,"3":0,"4":0},"f":{"0":0},"b":{"0":[0]}}
,"C:\\Users\\mmluc\\Desktop\\fiap-fase-3\\fiap-soat-application-produtos\\src\\core\\products\\usecases\\commands\\update-product.usecase.ts": {"path":"C:\\Users\\mmluc\\Desktop\\fiap-fase-3\\fiap-soat-application-produtos\\src\\core\\products\\usecases\\commands\\update-product.usecase.ts","statementMap":{"0":{"start":{"line":19,"column":20},"end":{"line":19,"column":53}},"1":{"start":{"line":21,"column":4},"end":{"line":23,"column":5}},"2":{"start":{"line":22,"column":6},"end":{"line":22,"column":43}},"3":{"start":{"line":25,"column":4},"end":{"line":27,"column":5}},"4":{"start":{"line":26,"column":6},"end":{"line":26,"column":42}},"5":{"start":{"line":29,"column":4},"end":{"line":31,"column":5}},"6":{"start":{"line":30,"column":6},"end":{"line":30,"column":56}},"7":{"start":{"line":33,"column":4},"end":{"line":35,"column":5}},"8":{"start":{"line":34,"column":6},"end":{"line":34,"column":44}},"9":{"start":{"line":37,"column":4},"end":{"line":39,"column":5}},"10":{"start":{"line":38,"column":6},"end":{"line":38,"column":54}},"11":{"start":{"line":41,"column":4},"end":{"line":51,"column":5}},"12":{"start":{"line":42,"column":27},"end":{"line":42,"column":46}},"13":{"start":{"line":43,"column":25},"end":{"line":43,"column":56}},"14":{"start":{"line":45,"column":6},"end":{"line":50,"column":7}},"15":{"start":{"line":46,"column":25},"end":{"line":48,"column":56}},"16":{"start":{"line":49,"column":8},"end":{"line":49,"column":38}},"17":{"start":{"line":53,"column":4},"end":{"line":55,"column":5}},"18":{"start":{"line":54,"column":6},"end":{"line":54,"column":44}},"19":{"start":{"line":57,"column":4},"end":{"line":57,"column":39}},"20":{"start":{"line":58,"column":4},"end":{"line":58,"column":19}},"21":{"start":{"line":13,"column":0},"end":{"line":13,"column":13}}},"fnMap":{"0":{"name":"(anonymous_0)","decl":{"start":{"line":14,"column":2},"end":{"line":14,"column":8}},"loc":{"start":{"line":17,"column":32},"end":{"line":59,"column":3}}}},"branchMap":{"0":{"loc":{"start":{"line":21,"column":4},"end":{"line":23,"column":5}},"type":"if","locations":[{"start":{"line":21,"column":4},"end":{"line":23,"column":5}}]},"1":{"loc":{"start":{"line":25,"column":4},"end":{"line":27,"column":5}},"type":"if","locations":[{"start":{"line":25,"column":4},"end":{"line":27,"column":5}}]},"2":{"loc":{"start":{"line":29,"column":4},"end":{"line":31,"column":5}},"type":"if","locations":[{"start":{"line":29,"column":4},"end":{"line":31,"column":5}}]},"3":{"loc":{"start":{"line":33,"column":4},"end":{"line":35,"column":5}},"type":"if","locations":[{"start":{"line":33,"column":4},"end":{"line":35,"column":5}}]},"4":{"loc":{"start":{"line":37,"column":4},"end":{"line":39,"column":5}},"type":"if","locations":[{"start":{"line":37,"column":4},"end":{"line":39,"column":5}}]},"5":{"loc":{"start":{"line":41,"column":4},"end":{"line":51,"column":5}},"type":"if","locations":[{"start":{"line":41,"column":4},"end":{"line":51,"column":5}}]},"6":{"loc":{"start":{"line":45,"column":6},"end":{"line":50,"column":7}},"type":"if","locations":[{"start":{"line":45,"column":6},"end":{"line":50,"column":7}}]},"7":{"loc":{"start":{"line":46,"column":25},"end":{"line":48,"column":56}},"type":"cond-expr","locations":[{"start":{"line":47,"column":12},"end":{"line":47,"column":46}},{"start":{"line":48,"column":12},"end":{"line":48,"column":56}}]},"8":{"loc":{"start":{"line":53,"column":4},"end":{"line":55,"column":5}},"type":"if","locations":[{"start":{"line":53,"column":4},"end":{"line":55,"column":5}}]}},"s":{"0":0,"1":0,"2":0,"3":0,"4":0,"5":0,"6":0,"7":0,"8":0,"9":0,"10":0,"11":0,"12":0,"13":0,"14":0,"15":0,"16":0,"17":0,"18":0,"19":0,"20":0,"21":0},"f":{"0":0},"b":{"0":[0],"1":[0],"2":[0],"3":[0],"4":[0],"5":[0],"6":[0],"7":[0,0],"8":[0]}}
,"C:\\Users\\mmluc\\Desktop\\fiap-fase-3\\fiap-soat-application-produtos\\src\\core\\products\\usecases\\queries\\get-all-products.query.ts": {"path":"C:\\Users\\mmluc\\Desktop\\fiap-fase-3\\fiap-soat-application-produtos\\src\\core\\products\\usecases\\queries\\get-all-products.query.ts","statementMap":{"0":{"start":{"line":6,"column":4},"end":{"line":6,"column":42}},"1":{"start":{"line":4,"column":0},"end":{"line":4,"column":13}}},"fnMap":{"0":{"name":"(anonymous_0)","decl":{"start":{"line":5,"column":2},"end":{"line":5,"column":8}},"loc":{"start":{"line":5,"column":53},"end":{"line":7,"column":3}}}},"branchMap":{},"s":{"0":0,"1":0},"f":{"0":0},"b":{}}
,"C:\\Users\\mmluc\\Desktop\\fiap-fase-3\\fiap-soat-application-produtos\\src\\core\\products\\usecases\\queries\\get-product-by-id.query.ts": {"path":"C:\\Users\\mmluc\\Desktop\\fiap-fase-3\\fiap-soat-application-produtos\\src\\core\\products\\usecases\\queries\\get-product-by-id.query.ts","statementMap":{"0":{"start":{"line":6,"column":4},"end":{"line":6,"column":45}},"1":{"start":{"line":4,"column":0},"end":{"line":4,"column":13}}},"fnMap":{"0":{"name":"(anonymous_0)","decl":{"start":{"line":5,"column":2},"end":{"line":5,"column":8}},"loc":{"start":{"line":5,"column":65},"end":{"line":7,"column":3}}}},"branchMap":{},"s":{"0":0,"1":0},"f":{"0":0},"b":{}}
,"C:\\Users\\mmluc\\Desktop\\fiap-fase-3\\fiap-soat-application-produtos\\src\\core\\products\\usecases\\queries\\get-products-by-category.query.ts": {"path":"C:\\Users\\mmluc\\Desktop\\fiap-fase-3\\fiap-soat-application-produtos\\src\\core\\products\\usecases\\queries\\get-products-by-category.query.ts","statementMap":{"0":{"start":{"line":9,"column":4},"end":{"line":9,"column":59}},"1":{"start":{"line":4,"column":0},"end":{"line":4,"column":13}}},"fnMap":{"0":{"name":"(anonymous_0)","decl":{"start":{"line":5,"column":2},"end":{"line":5,"column":8}},"loc":{"start":{"line":7,"column":22},"end":{"line":10,"column":3}}}},"branchMap":{},"s":{"0":0,"1":0},"f":{"0":0},"b":{}}
,"C:\\Users\\mmluc\\Desktop\\fiap-fase-3\\fiap-soat-application-produtos\\src\\external\\api\\api.module.ts": {"path":"C:\\Users\\mmluc\\Desktop\\fiap-fase-3\\fiap-soat-application-produtos\\src\\external\\api\\api.module.ts","statementMap":{"0":{"start":{"line":1,"column":0},"end":{"line":1,"column":40}},"1":{"start":{"line":2,"column":0},"end":{"line":2,"column":67}},"2":{"start":{"line":3,"column":0},"end":{"line":3,"column":84}},"3":{"start":{"line":4,"column":0},"end":{"line":4,"column":75}},"4":{"start":{"line":5,"column":0},"end":{"line":5,"column":69}},"5":{"start":{"line":22,"column":7},"end":{"line":22,"column":null}},"6":{"start":{"line":22,"column":13},"end":{"line":22,"column":22}},"7":{"start":{"line":22,"column":13},"end":{"line":22,"column":null}}},"fnMap":{},"branchMap":{},"s":{"0":0,"1":0,"2":0,"3":0,"4":0,"5":0,"6":0,"7":0},"f":{},"b":{}}
,"C:\\Users\\mmluc\\Desktop\\fiap-fase-3\\fiap-soat-application-produtos\\src\\external\\api\\controllers\\health.controller.ts": {"path":"C:\\Users\\mmluc\\Desktop\\fiap-fase-3\\fiap-soat-application-produtos\\src\\external\\api\\controllers\\health.controller.ts","statementMap":{"0":{"start":{"line":1,"column":0},"end":{"line":1,"column":57}},"1":{"start":{"line":2,"column":0},"end":{"line":2,"column":63}},"2":{"start":{"line":3,"column":0},"end":{"line":3,"column":61}},"3":{"start":{"line":6,"column":7},"end":{"line":48,"column":null}},"4":{"start":{"line":9,"column":21},"end":{"line":9,"column":29}},"5":{"start":{"line":14,"column":4},"end":{"line":29,"column":5}},"6":{"start":{"line":16,"column":6},"end":{"line":16,"column":73}},"7":{"start":{"line":17,"column":6},"end":{"line":21,"column":8}},"8":{"start":{"line":23,"column":6},"end":{"line":28,"column":8}},"9":{"start":{"line":34,"column":4},"end":{"line":46,"column":5}},"10":{"start":{"line":35,"column":18},"end":{"line":35,"column":85}},"11":{"start":{"line":36,"column":6},"end":{"line":40,"column":8}},"12":{"start":{"line":42,"column":6},"end":{"line":45,"column":8}},"13":{"start":{"line":6,"column":13},"end":{"line":6,"column":29}},"14":{"start":{"line":13,"column":8},"end":{"line":30,"column":null}},"15":{"start":{"line":33,"column":8},"end":{"line":47,"column":null}},"16":{"start":{"line":6,"column":13},"end":{"line":48,"column":null}}},"fnMap":{"0":{"name":"(anonymous_4)","decl":{"start":{"line":7,"column":2},"end":{"line":7,"column":null}},"loc":{"start":{"line":9,"column":51},"end":{"line":10,"column":6}}},"1":{"name":"(anonymous_5)","decl":{"start":{"line":13,"column":2},"end":{"line":13,"column":7}},"loc":{"start":{"line":13,"column":17},"end":{"line":30,"column":3}}},"2":{"name":"(anonymous_6)","decl":{"start":{"line":33,"column":2},"end":{"line":33,"column":7}},"loc":{"start":{"line":33,"column":25},"end":{"line":47,"column":3}}}},"branchMap":{"0":{"loc":{"start":{"line":27,"column":15},"end":{"line":27,"column":42}},"type":"binary-expr","locations":[{"start":{"line":27,"column":15},"end":{"line":27,"column":27}},{"start":{"line":27,"column":31},"end":{"line":27,"column":42}}]},"1":{"loc":{"start":{"line":38,"column":21},"end":{"line":38,"column":78}},"type":"cond-expr","locations":[{"start":{"line":38,"column":53},"end":{"line":38,"column":74}},{"start":{"line":38,"column":77},"end":{"line":38,"column":78}}]},"2":{"loc":{"start":{"line":39,"column":16},"end":{"line":39,"column":36}},"type":"binary-expr","locations":[{"start":{"line":39,"column":16},"end":{"line":39,"column":30}},{"start":{"line":39,"column":34},"end":{"line":39,"column":36}}]},"3":{"loc":{"start":{"line":44,"column":15},"end":{"line":44,"column":42}},"type":"binary-expr","locations":[{"start":{"line":44,"column":15},"end":{"line":44,"column":27}},{"start":{"line":44,"column":31},"end":{"line":44,"column":42}}]}},"s":{"0":0,"1":0,"2":0,"3":0,"4":0,"5":0,"6":0,"7":0,"8":0,"9":0,"10":0,"11":0,"12":0,"13":0,"14":0,"15":0,"16":0},"f":{"0":0,"1":0,"2":0},"b":{"0":[0,0],"1":[0,0],"2":[0,0],"3":[0,0]}}
,"C:\\Users\\mmluc\\Desktop\\fiap-fase-3\\fiap-soat-application-produtos\\src\\external\\api\\controllers\\nestjs-products.controller.ts": {"path":"C:\\Users\\mmluc\\Desktop\\fiap-fase-3\\fiap-soat-application-produtos\\src\\external\\api\\controllers\\nestjs-products.controller.ts","statementMap":{"0":{"start":{"line":1,"column":0},"end":{"line":1,"column":null}},"1":{"start":{"line":14,"column":0},"end":{"line":14,"column":80}},"2":{"start":{"line":15,"column":0},"end":{"line":15,"column":62}},"3":{"start":{"line":16,"column":0},"end":{"line":16,"column":95}},"4":{"start":{"line":17,"column":0},"end":{"line":17,"column":62}},"5":{"start":{"line":18,"column":0},"end":{"line":18,"column":62}},"6":{"start":{"line":19,"column":0},"end":{"line":19,"column":67}},"7":{"start":{"line":20,"column":0},"end":{"line":20,"column":71}},"8":{"start":{"line":21,"column":0},"end":{"line":21,"column":58}},"9":{"start":{"line":22,"column":0},"end":{"line":22,"column":75}},"10":{"start":{"line":25,"column":7},"end":{"line":175,"column":null}},"11":{"start":{"line":27,"column":21},"end":{"line":27,"column":40}},"12":{"start":{"line":28,"column":21},"end":{"line":28,"column":34}},"13":{"start":{"line":29,"column":21},"end":{"line":29,"column":37}},"14":{"start":{"line":45,"column":4},"end":{"line":52,"column":5}},"15":{"start":{"line":46,"column":6},"end":{"line":48,"column":7}},"16":{"start":{"line":47,"column":8},"end":{"line":47,"column":90}},"17":{"start":{"line":49,"column":6},"end":{"line":49,"column":69}},"18":{"start":{"line":51,"column":6},"end":{"line":51,"column":51}},"19":{"start":{"line":68,"column":4},"end":{"line":85,"column":5}},"20":{"start":{"line":69,"column":22},"end":{"line":72,"column":null}},"21":{"start":{"line":75,"column":6},"end":{"line":77,"column":7}},"22":{"start":{"line":76,"column":8},"end":{"line":76,"column":62}},"23":{"start":{"line":79,"column":6},"end":{"line":79,"column":21}},"24":{"start":{"line":81,"column":6},"end":{"line":83,"column":7}},"25":{"start":{"line":82,"column":8},"end":{"line":82,"column":20}},"26":{"start":{"line":84,"column":6},"end":{"line":84,"column":51}},"27":{"start":{"line":104,"column":4},"end":{"line":116,"column":5}},"28":{"start":{"line":105,"column":6},"end":{"line":110,"column":8}},"29":{"start":{"line":112,"column":6},"end":{"line":114,"column":7}},"30":{"start":{"line":113,"column":8},"end":{"line":113,"column":64}},"31":{"start":{"line":115,"column":6},"end":{"line":115,"column":51}},"32":{"start":{"line":136,"column":4},"end":{"line":151,"column":5}},"33":{"start":{"line":137,"column":6},"end":{"line":142,"column":8}},"34":{"start":{"line":144,"column":6},"end":{"line":146,"column":7}},"35":{"start":{"line":145,"column":8},"end":{"line":145,"column":62}},"36":{"start":{"line":147,"column":6},"end":{"line":149,"column":7}},"37":{"start":{"line":148,"column":8},"end":{"line":148,"column":64}},"38":{"start":{"line":150,"column":6},"end":{"line":150,"column":51}},"39":{"start":{"line":166,"column":4},"end":{"line":173,"column":5}},"40":{"start":{"line":167,"column":6},"end":{"line":167,"column":65}},"41":{"start":{"line":169,"column":6},"end":{"line":171,"column":7}},"42":{"start":{"line":170,"column":8},"end":{"line":170,"column":62}},"43":{"start":{"line":172,"column":6},"end":{"line":172,"column":51}},"44":{"start":{"line":25,"column":13},"end":{"line":25,"column":37}},"45":{"start":{"line":44,"column":8},"end":{"line":53,"column":null}},"46":{"start":{"line":67,"column":8},"end":{"line":86,"column":null}},"47":{"start":{"line":103,"column":8},"end":{"line":117,"column":null}},"48":{"start":{"line":135,"column":8},"end":{"line":152,"column":null}},"49":{"start":{"line":165,"column":8},"end":{"line":174,"column":null}},"50":{"start":{"line":25,"column":13},"end":{"line":175,"column":null}}},"fnMap":{"0":{"name":"(anonymous_4)","decl":{"start":{"line":26,"column":2},"end":{"line":26,"column":null}},"loc":{"start":{"line":29,"column":52},"end":{"line":30,"column":6}}},"1":{"name":"(anonymous_5)","decl":{"start":{"line":44,"column":2},"end":{"line":44,"column":7}},"loc":{"start":{"line":44,"column":56},"end":{"line":53,"column":3}}},"2":{"name":"(anonymous_6)","decl":{"start":{"line":67,"column":2},"end":{"line":67,"column":7}},"loc":{"start":{"line":67,"column":40},"end":{"line":86,"column":3}}},"3":{"name":"(anonymous_7)","decl":{"start":{"line":103,"column":2},"end":{"line":103,"column":7}},"loc":{"start":{"line":103,"column":57},"end":{"line":117,"column":3}}},"4":{"name":"(anonymous_8)","decl":{"start":{"line":135,"column":2},"end":{"line":135,"column":7}},"loc":{"start":{"line":135,"column":82},"end":{"line":152,"column":3}}},"5":{"name":"(anonymous_9)","decl":{"start":{"line":165,"column":2},"end":{"line":165,"column":7}},"loc":{"start":{"line":165,"column":38},"end":{"line":174,"column":3}}}},"branchMap":{"0":{"loc":{"start":{"line":46,"column":6},"end":{"line":48,"column":7}},"type":"if","locations":[{"start":{"line":46,"column":6},"end":{"line":48,"column":7}}]},"1":{"loc":{"start":{"line":75,"column":6},"end":{"line":77,"column":7}},"type":"if","locations":[{"start":{"line":75,"column":6},"end":{"line":77,"column":7}}]},"2":{"loc":{"start":{"line":81,"column":6},"end":{"line":83,"column":7}},"type":"if","locations":[{"start":{"line":81,"column":6},"end":{"line":83,"column":7}}]},"3":{"loc":{"start":{"line":112,"column":6},"end":{"line":114,"column":7}},"type":"if","locations":[{"start":{"line":112,"column":6},"end":{"line":114,"column":7}}]},"4":{"loc":{"start":{"line":144,"column":6},"end":{"line":146,"column":7}},"type":"if","locations":[{"start":{"line":144,"column":6},"end":{"line":146,"column":7}}]},"5":{"loc":{"start":{"line":147,"column":6},"end":{"line":149,"column":7}},"type":"if","locations":[{"start":{"line":147,"column":6},"end":{"line":149,"column":7}}]},"6":{"loc":{"start":{"line":169,"column":6},"end":{"line":171,"column":7}},"type":"if","locations":[{"start":{"line":169,"column":6},"end":{"line":171,"column":7}}]}},"s":{"0":0,"1":0,"2":0,"3":0,"4":0,"5":0,"6":0,"7":0,"8":0,"9":0,"10":0,"11":0,"12":0,"13":0,"14":0,"15":0,"16":0,"17":0,"18":0,"19":0,"20":0,"21":0,"22":0,"23":0,"24":0,"25":0,"26":0,"27":0,"28":0,"29":0,"30":0,"31":0,"32":0,"33":0,"34":0,"35":0,"36":0,"37":0,"38":0,"39":0,"40":0,"41":0,"42":0,"43":0,"44":0,"45":0,"46":0,"47":0,"48":0,"49":0,"50":0},"f":{"0":0,"1":0,"2":0,"3":0,"4":0,"5":0},"b":{"0":[0],"1":[0],"2":[0],"3":[0],"4":[0],"5":[0],"6":[0]}}
,"C:\\Users\\mmluc\\Desktop\\fiap-fase-3\\fiap-soat-application-produtos\\src\\external\\api\\dtos\\create-product.dto.ts": {"path":"C:\\Users\\mmluc\\Desktop\\fiap-fase-3\\fiap-soat-application-produtos\\src\\external\\api\\dtos\\create-product.dto.ts","statementMap":{"0":{"start":{"line":1,"column":0},"end":{"line":1,"column":46}},"1":{"start":{"line":2,"column":0},"end":{"line":2,"column":78}},"2":{"start":{"line":4,"column":0},"end":{"line":4,"column":13}},"3":{"start":{"line":10,"column":2},"end":{"line":10,"column":null}},"4":{"start":{"line":17,"column":2},"end":{"line":17,"column":null}},"5":{"start":{"line":24,"column":2},"end":{"line":24,"column":null}},"6":{"start":{"line":31,"column":2},"end":{"line":31,"column":null}},"7":{"start":{"line":38,"column":2},"end":{"line":38,"column":null}},"8":{"start":{"line":44,"column":2},"end":{"line":44,"column":null}}},"fnMap":{},"branchMap":{},"s":{"0":0,"1":0,"2":0,"3":0,"4":0,"5":0,"6":0,"7":0,"8":0},"f":{},"b":{}}
,"C:\\Users\\mmluc\\Desktop\\fiap-fase-3\\fiap-soat-application-produtos\\src\\external\\api\\dtos\\update-product.dto.ts": {"path":"C:\\Users\\mmluc\\Desktop\\fiap-fase-3\\fiap-soat-application-produtos\\src\\external\\api\\dtos\\update-product.dto.ts","statementMap":{"0":{"start":{"line":1,"column":0},"end":{"line":1,"column":46}},"1":{"start":{"line":2,"column":0},"end":{"line":2,"column":56}},"2":{"start":{"line":4,"column":0},"end":{"line":4,"column":13}}},"fnMap":{},"branchMap":{},"s":{"0":0,"1":0,"2":0},"f":{},"b":{}}
,"C:\\Users\\mmluc\\Desktop\\fiap-fase-3\\fiap-soat-application-produtos\\src\\external\\clients\\http-category.client.ts": {"path":"C:\\Users\\mmluc\\Desktop\\fiap-fase-3\\fiap-soat-application-produtos\\src\\external\\clients\\http-category.client.ts","statementMap":{"0":{"start":{"line":1,"column":0},"end":{"line":1,"column":52}},"1":{"start":{"line":5,"column":31},"end":{"line":47,"column":null}},"2":{"start":{"line":6,"column":28},"end":{"line":6,"column":63}},"3":{"start":{"line":10,"column":4},"end":{"line":12,"column":73}},"4":{"start":{"line":16,"column":4},"end":{"line":45,"column":5}},"5":{"start":{"line":17,"column":6},"end":{"line":17,"column":90}},"6":{"start":{"line":19,"column":23},"end":{"line":24,"column":8}},"7":{"start":{"line":26,"column":6},"end":{"line":32,"column":7}},"8":{"start":{"line":27,"column":8},"end":{"line":30,"column":9}},"9":{"start":{"line":28,"column":10},"end":{"line":28,"column":62}},"10":{"start":{"line":29,"column":10},"end":{"line":29,"column":22}},"11":{"start":{"line":31,"column":8},"end":{"line":31,"column":95}},"12":{"start":{"line":34,"column":19},"end":{"line":34,"column":40}},"13":{"start":{"line":35,"column":6},"end":{"line":35,"column":60}},"14":{"start":{"line":37,"column":6},"end":{"line":40,"column":8}},"15":{"start":{"line":42,"column":6},"end":{"line":42,"column":89}},"16":{"start":{"line":44,"column":6},"end":{"line":44,"column":18}},"17":{"start":{"line":5,"column":13},"end":{"line":5,"column":31}},"18":{"start":{"line":5,"column":13},"end":{"line":47,"column":null}}},"fnMap":{"0":{"name":"(anonymous_2)","decl":{"start":{"line":9,"column":2},"end":{"line":9,"column":null}},"loc":{"start":{"line":9,"column":2},"end":{"line":13,"column":3}}},"1":{"name":"(anonymous_3)","decl":{"start":{"line":15,"column":2},"end":{"line":15,"column":7}},"loc":{"start":{"line":15,"column":27},"end":{"line":46,"column":3}}}},"branchMap":{"0":{"loc":{"start":{"line":11,"column":6},"end":{"line":12,"column":72}},"type":"binary-expr","locations":[{"start":{"line":11,"column":6},"end":{"line":11,"column":40}},{"start":{"line":12,"column":6},"end":{"line":12,"column":72}}]},"1":{"loc":{"start":{"line":26,"column":6},"end":{"line":32,"column":7}},"type":"if","locations":[{"start":{"line":26,"column":6},"end":{"line":32,"column":7}}]},"2":{"loc":{"start":{"line":27,"column":8},"end":{"line":30,"column":9}},"type":"if","locations":[{"start":{"line":27,"column":8},"end":{"line":30,"column":9}}]}},"s":{"0":0,"1":0,"2":0,"3":0,"4":0,"5":0,"6":0,"7":0,"8":0,"9":0,"10":0,"11":0,"12":0,"13":0,"14":0,"15":0,"16":0,"17":0,"18":0},"f":{"0":0,"1":0},"b":{"0":[0,0],"1":[0],"2":[0]}}
,"C:\\Users\\mmluc\\Desktop\\fiap-fase-3\\fiap-soat-application-produtos\\src\\external\\database\\dynamo.module.ts": {"path":"C:\\Users\\mmluc\\Desktop\\fiap-fase-3\\fiap-soat-application-produtos\\src\\external\\database\\dynamo.module.ts","statementMap":{"0":{"start":{"line":1,"column":0},"end":{"line":1,"column":48}},"1":{"start":{"line":2,"column":0},"end":{"line":2,"column":58}},"2":{"start":{"line":3,"column":0},"end":{"line":3,"column":63}},"3":{"start":{"line":4,"column":0},"end":{"line":4,"column":71}},"4":{"start":{"line":5,"column":0},"end":{"line":5,"column":83}},"5":{"start":{"line":6,"column":0},"end":{"line":6,"column":69}},"6":{"start":{"line":7,"column":0},"end":{"line":7,"column":58}},"7":{"start":{"line":44,"column":7},"end":{"line":44,"column":null}},"8":{"start":{"line":44,"column":13},"end":{"line":44,"column":25}},"9":{"start":{"line":44,"column":13},"end":{"line":44,"column":null}},"10":{"start":{"line":15,"column":8},"end":{"line":25,"column":11}},"11":{"start":{"line":31,"column":46},"end":{"line":31,"column":81}}},"fnMap":{"0":{"name":"(anonymous_1)","decl":{"start":{"line":14,"column":18},"end":{"line":14,"column":21}},"loc":{"start":{"line":14,"column":23},"end":{"line":26,"column":7}}},"1":{"name":"(anonymous_2)","decl":{"start":{"line":31,"column":18},"end":{"line":31,"column":19}},"loc":{"start":{"line":31,"column":46},"end":{"line":31,"column":81}}}},"branchMap":{"0":{"loc":{"start":{"line":16,"column":18},"end":{"line":16,"column":55}},"type":"binary-expr","locations":[{"start":{"line":16,"column":18},"end":{"line":16,"column":40}},{"start":{"line":16,"column":44},"end":{"line":16,"column":55}}]},"1":{"loc":{"start":{"line":18,"column":23},"end":{"line":24,"column":23}},"type":"cond-expr","locations":[{"start":{"line":19,"column":14},"end":{"line":23,"column":null}},{"start":{"line":24,"column":14},"end":{"line":24,"column":23}}]}},"s":{"0":0,"1":0,"2":0,"3":0,"4":0,"5":0,"6":0,"7":0,"8":0,"9":0,"10":0,"11":0},"f":{"0":0,"1":0},"b":{"0":[0,0],"1":[0,0]}}
,"C:\\Users\\mmluc\\Desktop\\fiap-fase-3\\fiap-soat-application-produtos\\src\\external\\database\\entities\\product.entity.ts": {"path":"C:\\Users\\mmluc\\Desktop\\fiap-fase-3\\fiap-soat-application-produtos\\src\\external\\database\\entities\\product.entity.ts","statementMap":{"0":{"start":{"line":1,"column":0},"end":{"line":1,"column":101}},"1":{"start":{"line":4,"column":7},"end":{"line":31,"column":null}},"2":{"start":{"line":4,"column":13},"end":{"line":4,"column":26}},"3":{"start":{"line":6,"column":4},"end":{"line":6,"column":null}},"4":{"start":{"line":9,"column":4},"end":{"line":9,"column":null}},"5":{"start":{"line":12,"column":4},"end":{"line":12,"column":null}},"6":{"start":{"line":15,"column":4},"end":{"line":15,"column":null}},"7":{"start":{"line":18,"column":4},"end":{"line":18,"column":null}},"8":{"start":{"line":21,"column":4},"end":{"line":21,"column":null}},"9":{"start":{"line":24,"column":4},"end":{"line":24,"column":null}},"10":{"start":{"line":27,"column":4},"end":{"line":27,"column":null}},"11":{"start":{"line":30,"column":4},"end":{"line":30,"column":null}},"12":{"start":{"line":4,"column":13},"end":{"line":31,"column":null}}},"fnMap":{},"branchMap":{},"s":{"0":0,"1":0,"2":0,"3":0,"4":0,"5":0,"6":0,"7":0,"8":0,"9":0,"10":0,"11":0,"12":0},"f":{},"b":{}}
,"C:\\Users\\mmluc\\Desktop\\fiap-fase-3\\fiap-soat-application-produtos\\src\\external\\database\\mappers\\product.mapper.ts": {"path":"C:\\Users\\mmluc\\Desktop\\fiap-fase-3\\fiap-soat-application-produtos\\src\\external\\database\\mappers\\product.mapper.ts","statementMap":{"0":{"start":{"line":1,"column":0},"end":{"line":1,"column":86}},"1":{"start":{"line":2,"column":0},"end":{"line":2,"column":59}},"2":{"start":{"line":3,"column":0},"end":{"line":3,"column":61}},"3":{"start":{"line":7,"column":25},"end":{"line":7,"column":62}},"4":{"start":{"line":9,"column":22},"end":{"line":9,"column":24}},"5":{"start":{"line":10,"column":4},"end":{"line":15,"column":5}},"6":{"start":{"line":11,"column":23},"end":{"line":11,"column":74}},"7":{"start":{"line":12,"column":6},"end":{"line":12,"column":39}},"8":{"start":{"line":13,"column":11},"end":{"line":15,"column":5}},"9":{"start":{"line":14,"column":6},"end":{"line":14,"column":40}},"10":{"start":{"line":17,"column":4},"end":{"line":27,"column":6}},"11":{"start":{"line":31,"column":19},"end":{"line":31,"column":38}},"12":{"start":{"line":33,"column":4},"end":{"line":33,"column":27}},"13":{"start":{"line":34,"column":4},"end":{"line":34,"column":31}},"14":{"start":{"line":35,"column":4},"end":{"line":35,"column":45}},"15":{"start":{"line":36,"column":4},"end":{"line":36,"column":33}},"16":{"start":{"line":37,"column":4},"end":{"line":37,"column":44}},"17":{"start":{"line":38,"column":4},"end":{"line":38,"column":39}},"18":{"start":{"line":39,"column":4},"end":{"line":39,"column":41}},"19":{"start":{"line":40,"column":4},"end":{"line":40,"column":41}},"20":{"start":{"line":43,"column":4},"end":{"line":50,"column":5}},"21":{"start":{"line":44,"column":6},"end":{"line":47,"column":8}},"22":{"start":{"line":49,"column":6},"end":{"line":49,"column":26}},"23":{"start":{"line":52,"column":4},"end":{"line":52,"column":18}},"24":{"start":{"line":5,"column":0},"end":{"line":5,"column":13}}},"fnMap":{"0":{"name":"(anonymous_0)","decl":{"start":{"line":6,"column":2},"end":{"line":6,"column":8}},"loc":{"start":{"line":6,"column":46},"end":{"line":28,"column":3}}},"1":{"name":"(anonymous_1)","decl":{"start":{"line":30,"column":2},"end":{"line":30,"column":8}},"loc":{"start":{"line":30,"column":39},"end":{"line":53,"column":3}}}},"branchMap":{"0":{"loc":{"start":{"line":10,"column":4},"end":{"line":15,"column":5}},"type":"if","locations":[{"start":{"line":10,"column":4},"end":{"line":15,"column":5}},{"start":{"line":13,"column":11},"end":{"line":15,"column":5}}]},"1":{"loc":{"start":{"line":10,"column":8},"end":{"line":10,"column":70}},"type":"binary-expr","locations":[{"start":{"line":10,"column":8},"end":{"line":10,"column":27}},{"start":{"line":10,"column":31},"end":{"line":10,"column":70}}]},"2":{"loc":{"start":{"line":12,"column":20},"end":{"line":12,"column":38}},"type":"binary-expr","locations":[{"start":{"line":12,"column":20},"end":{"line":12,"column":32}},{"start":{"line":12,"column":36},"end":{"line":12,"column":38}}]},"3":{"loc":{"start":{"line":13,"column":11},"end":{"line":15,"column":5}},"type":"if","locations":[{"start":{"line":13,"column":11},"end":{"line":15,"column":5}}]},"4":{"loc":{"start":{"line":43,"column":4},"end":{"line":50,"column":5}},"type":"if","locations":[{"start":{"line":43,"column":4},"end":{"line":50,"column":5}},{"start":{"line":48,"column":11},"end":{"line":50,"column":5}}]},"5":{"loc":{"start":{"line":43,"column":8},"end":{"line":43,"column":52}},"type":"binary-expr","locations":[{"start":{"line":43,"column":8},"end":{"line":43,"column":21}},{"start":{"line":43,"column":25},"end":{"line":43,"column":52}}]}},"s":{"0":0,"1":0,"2":0,"3":0,"4":0,"5":0,"6":0,"7":0,"8":0,"9":0,"10":0,"11":0,"12":0,"13":0,"14":0,"15":0,"16":0,"17":0,"18":0,"19":0,"20":0,"21":0,"22":0,"23":0,"24":0},"f":{"0":0,"1":0},"b":{"0":[0,0],"1":[0,0],"2":[0,0],"3":[0],"4":[0,0],"5":[0,0]}}
,"C:\\Users\\mmluc\\Desktop\\fiap-fase-3\\fiap-soat-application-produtos\\src\\external\\database\\repositories\\dynamo-product.repository.ts": {"path":"C:\\Users\\mmluc\\Desktop\\fiap-fase-3\\fiap-soat-application-produtos\\src\\external\\database\\repositories\\dynamo-product.repository.ts","statementMap":{"0":{"start":{"line":1,"column":0},"end":{"line":1,"column":52}},"1":{"start":{"line":2,"column":0},"end":{"line":2,"column":129}},"2":{"start":{"line":4,"column":0},"end":{"line":4,"column":61}},"3":{"start":{"line":5,"column":0},"end":{"line":5,"column":86}},"4":{"start":{"line":8,"column":7},"end":{"line":95,"column":null}},"5":{"start":{"line":9,"column":18},"end":{"line":9,"column":72}},"6":{"start":{"line":11,"column":41},"end":{"line":11,"column":46}},"7":{"start":{"line":15,"column":17},"end":{"line":28,"column":6}},"8":{"start":{"line":30,"column":4},"end":{"line":30,"column":79}},"9":{"start":{"line":31,"column":4},"end":{"line":31,"column":19}},"10":{"start":{"line":35,"column":21},"end":{"line":40,"column":null}},"11":{"start":{"line":42,"column":4},"end":{"line":42,"column":71}},"12":{"start":{"line":42,"column":45},"end":{"line":42,"column":69}},"13":{"start":{"line":46,"column":21},"end":{"line":47,"column":null}},"14":{"start":{"line":49,"column":4},"end":{"line":49,"column":31}},"15":{"start":{"line":49,"column":19},"end":{"line":49,"column":31}},"16":{"start":{"line":50,"column":4},"end":{"line":50,"column":50}},"17":{"start":{"line":54,"column":4},"end":{"line":54,"column":116}},"18":{"start":{"line":58,"column":21},"end":{"line":64,"column":null}},"19":{"start":{"line":66,"column":4},"end":{"line":66,"column":71}},"20":{"start":{"line":66,"column":45},"end":{"line":66,"column":69}},"21":{"start":{"line":70,"column":31},"end":{"line":70,"column":33}},"22":{"start":{"line":71,"column":4},"end":{"line":74,"column":5}},"23":{"start":{"line":72,"column":16},"end":{"line":72,"column":39}},"24":{"start":{"line":73,"column":6},"end":{"line":73,"column":29}},"25":{"start":{"line":73,"column":13},"end":{"line":73,"column":29}},"26":{"start":{"line":75,"column":4},"end":{"line":75,"column":19}},"27":{"start":{"line":79,"column":4},"end":{"line":79,"column":29}},"28":{"start":{"line":83,"column":4},"end":{"line":93,"column":6}},"29":{"start":{"line":8,"column":13},"end":{"line":8,"column":36}},"30":{"start":{"line":8,"column":13},"end":{"line":95,"column":null}}},"fnMap":{"0":{"name":"(anonymous_4)","decl":{"start":{"line":11,"column":2},"end":{"line":11,"column":15}},"loc":{"start":{"line":11,"column":68},"end":{"line":11,"column":72}}},"1":{"name":"(anonymous_5)","decl":{"start":{"line":13,"column":2},"end":{"line":13,"column":7}},"loc":{"start":{"line":13,"column":29},"end":{"line":32,"column":3}}},"2":{"name":"(anonymous_6)","decl":{"start":{"line":34,"column":2},"end":{"line":34,"column":7}},"loc":{"start":{"line":34,"column":15},"end":{"line":43,"column":3}}},"3":{"name":"(anonymous_7)","decl":{"start":{"line":42,"column":33},"end":{"line":42,"column":34}},"loc":{"start":{"line":42,"column":45},"end":{"line":42,"column":69}}},"4":{"name":"(anonymous_8)","decl":{"start":{"line":45,"column":2},"end":{"line":45,"column":7}},"loc":{"start":{"line":45,"column":27},"end":{"line":51,"column":3}}},"5":{"name":"(anonymous_9)","decl":{"start":{"line":53,"column":2},"end":{"line":53,"column":7}},"loc":{"start":{"line":53,"column":25},"end":{"line":55,"column":3}}},"6":{"name":"(anonymous_10)","decl":{"start":{"line":57,"column":2},"end":{"line":57,"column":7}},"loc":{"start":{"line":57,"column":41},"end":{"line":67,"column":3}}},"7":{"name":"(anonymous_11)","decl":{"start":{"line":66,"column":33},"end":{"line":66,"column":34}},"loc":{"start":{"line":66,"column":45},"end":{"line":66,"column":69}}},"8":{"name":"(anonymous_12)","decl":{"start":{"line":69,"column":2},"end":{"line":69,"column":7}},"loc":{"start":{"line":69,"column":35},"end":{"line":76,"column":3}}},"9":{"name":"(anonymous_13)","decl":{"start":{"line":78,"column":2},"end":{"line":78,"column":7}},"loc":{"start":{"line":78,"column":31},"end":{"line":80,"column":3}}},"10":{"name":"(anonymous_14)","decl":{"start":{"line":82,"column":10},"end":{"line":82,"column":26}},"loc":{"start":{"line":82,"column":36},"end":{"line":94,"column":3}}}},"branchMap":{"0":{"loc":{"start":{"line":9,"column":18},"end":{"line":9,"column":72}},"type":"binary-expr","locations":[{"start":{"line":9,"column":18},"end":{"line":9,"column":53}},{"start":{"line":9,"column":57},"end":{"line":9,"column":72}}]},"1":{"loc":{"start":{"line":25,"column":13},"end":{"line":25,"column":38}},"type":"binary-expr","locations":[{"start":{"line":25,"column":13},"end":{"line":25,"column":33}},{"start":{"line":25,"column":37},"end":{"line":25,"column":38}}]},"2":{"loc":{"start":{"line":26,"column":17},"end":{"line":26,"column":79}},"type":"binary-expr","locations":[{"start":{"line":26,"column":17},"end":{"line":26,"column":51}},{"start":{"line":26,"column":55},"end":{"line":26,"column":79}}]},"3":{"loc":{"start":{"line":27,"column":17},"end":{"line":27,"column":79}},"type":"binary-expr","locations":[{"start":{"line":27,"column":17},"end":{"line":27,"column":51}},{"start":{"line":27,"column":55},"end":{"line":27,"column":79}}]},"4":{"loc":{"start":{"line":42,"column":12},"end":{"line":42,"column":27}},"type":"binary-expr","locations":[{"start":{"line":42,"column":12},"end":{"line":42,"column":21}},{"start":{"line":42,"column":25},"end":{"line":42,"column":27}}]},"5":{"loc":{"start":{"line":49,"column":4},"end":{"line":49,"column":31}},"type":"if","locations":[{"start":{"line":49,"column":4},"end":{"line":49,"column":31}}]},"6":{"loc":{"start":{"line":66,"column":12},"end":{"line":66,"column":27}},"type":"binary-expr","locations":[{"start":{"line":66,"column":12},"end":{"line":66,"column":21}},{"start":{"line":66,"column":25},"end":{"line":66,"column":27}}]},"7":{"loc":{"start":{"line":73,"column":6},"end":{"line":73,"column":29}},"type":"if","locations":[{"start":{"line":73,"column":6},"end":{"line":73,"column":29}}]},"8":{"loc":{"start":{"line":89,"column":30},"end":{"line":89,"column":45}},"type":"binary-expr","locations":[{"start":{"line":89,"column":30},"end":{"line":89,"column":40}},{"start":{"line":89,"column":44},"end":{"line":89,"column":45}}]},"9":{"loc":{"start":{"line":90,"column":6},"end":{"line":90,"column":22}},"type":"binary-expr","locations":[{"start":{"line":90,"column":6},"end":{"line":90,"column":16}},{"start":{"line":90,"column":20},"end":{"line":90,"column":22}}]}},"s":{"0":0,"1":0,"2":0,"3":0,"4":0,"5":0,"6":0,"7":0,"8":0,"9":0,"10":0,"11":0,"12":0,"13":0,"14":0,"15":0,"16":0,"17":0,"18":0,"19":0,"20":0,"21":0,"22":0,"23":0,"24":0,"25":0,"26":0,"27":0,"28":0,"29":0,"30":0},"f":{"0":0,"1":0,"2":0,"3":0,"4":0,"5":0,"6":0,"7":0,"8":0,"9":0,"10":0},"b":{"0":[0,0],"1":[0,0],"2":[0,0],"3":[0,0],"4":[0,0],"5":[0],"6":[0,0],"7":[0],"8":[0,0],"9":[0,0]}}
,"C:\\Users\\mmluc\\Desktop\\fiap-fase-3\\fiap-soat-application-produtos\\src\\external\\providers\\crypto-id-generator.ts": {"path":"C:\\Users\\mmluc\\Desktop\\fiap-fase-3\\fiap-soat-application-produtos\\src\\external\\providers\\crypto-id-generator.ts","statementMap":{"0":{"start":{"line":1,"column":0},"end":{"line":1,"column":44}},"1":{"start":{"line":5,"column":7},"end":{"line":13,"column":null}},"2":{"start":{"line":7,"column":19},"end":{"line":7,"column":36}},"3":{"start":{"line":8,"column":4},"end":{"line":10,"column":5}},"4":{"start":{"line":9,"column":6},"end":{"line":9,"column":33}},"5":{"start":{"line":11,"column":4},"end":{"line":11,"column":66}},"6":{"start":{"line":5,"column":13},"end":{"line":5,"column":30}},"7":{"start":{"line":5,"column":13},"end":{"line":13,"column":null}}},"fnMap":{"0":{"name":"(anonymous_1)","decl":{"start":{"line":6,"column":2},"end":{"line":6,"column":10}},"loc":{"start":{"line":6,"column":10},"end":{"line":12,"column":3}}}},"branchMap":{"0":{"loc":{"start":{"line":8,"column":4},"end":{"line":10,"column":5}},"type":"if","locations":[{"start":{"line":8,"column":4},"end":{"line":10,"column":5}}]},"1":{"loc":{"start":{"line":8,"column":8},"end":{"line":8,"column":57}},"type":"binary-expr","locations":[{"start":{"line":8,"column":8},"end":{"line":8,"column":14}},{"start":{"line":8,"column":18},"end":{"line":8,"column":57}}]}},"s":{"0":0,"1":0,"2":0,"3":0,"4":0,"5":0,"6":0,"7":0},"f":{"0":0},"b":{"0":[0],"1":[0,0]}}
,"C:\\Users\\mmluc\\Desktop\\fiap-fase-3\\fiap-soat-application-produtos\\src\\interfaces\\category-client.interface.ts": {"path":"C:\\Users\\mmluc\\Desktop\\fiap-fase-3\\fiap-soat-application-produtos\\src\\interfaces\\category-client.interface.ts","statementMap":{"0":{"start":{"line":6,"column":0},"end":{"line":6,"column":22}}},"fnMap":{},"branchMap":{},"s":{"0":0},"f":{},"b":{}}
,"C:\\Users\\mmluc\\Desktop\\fiap-fase-3\\fiap-soat-application-produtos\\src\\interfaces\\id-generator.ts": {"path":"C:\\Users\\mmluc\\Desktop\\fiap-fase-3\\fiap-soat-application-produtos\\src\\interfaces\\id-generator.ts","statementMap":{"0":{"start":{"line":1,"column":0},"end":{"line":1,"column":22}}},"fnMap":{},"branchMap":{},"s":{"0":0},"f":{},"b":{}}
,"C:\\Users\\mmluc\\Desktop\\fiap-fase-3\\fiap-soat-application-produtos\\src\\interfaces\\product-datasource.ts": {"path":"C:\\Users\\mmluc\\Desktop\\fiap-fase-3\\fiap-soat-application-produtos\\src\\interfaces\\product-datasource.ts","statementMap":{"0":{"start":{"line":2,"column":0},"end":{"line":2,"column":22}}},"fnMap":{},"branchMap":{},"s":{"0":0},"f":{},"b":{}}
}
